{"/home/hassanelnajjar/code/dentoro/server/app.js": {"path":"/home/hassanelnajjar/code/dentoro/server/app.js","statementMap":{"0":{"start":{"line":1,"column":0},"end":{"line":1,"column":27}},"1":{"start":{"line":3,"column":16},"end":{"line":3,"column":34}},"2":{"start":{"line":4,"column":17},"end":{"line":4,"column":32}},"3":{"start":{"line":5,"column":20},"end":{"line":5,"column":42}},"4":{"start":{"line":6,"column":21},"end":{"line":6,"column":45}},"5":{"start":{"line":7,"column":37},"end":{"line":7,"column":61}},"6":{"start":{"line":11,"column":4},"end":{"line":11,"column":11}},"7":{"start":{"line":13,"column":15},"end":{"line":13,"column":34}},"8":{"start":{"line":15,"column":12},"end":{"line":15,"column":21}},"9":{"start":{"line":17,"column":0},"end":{"line":17,"column":30}},"10":{"start":{"line":18,"column":0},"end":{"line":18,"column":28}},"11":{"start":{"line":19,"column":20},"end":{"line":24,"column":1}},"12":{"start":{"line":25,"column":0},"end":{"line":25,"column":21}},"13":{"start":{"line":26,"column":0},"end":{"line":26,"column":28}},"14":{"start":{"line":28,"column":0},"end":{"line":32,"column":1}},"15":{"start":{"line":29,"column":2},"end":{"line":31,"column":5}},"16":{"start":{"line":30,"column":4},"end":{"line":30,"column":44}},"17":{"start":{"line":33,"column":0},"end":{"line":38,"column":1}},"18":{"start":{"line":34,"column":2},"end":{"line":34,"column":68}},"19":{"start":{"line":35,"column":2},"end":{"line":37,"column":5}},"20":{"start":{"line":36,"column":4},"end":{"line":36,"column":73}},"21":{"start":{"line":40,"column":0},"end":{"line":40,"column":21}},"22":{"start":{"line":41,"column":0},"end":{"line":41,"column":21}},"23":{"start":{"line":43,"column":0},"end":{"line":43,"column":21}}},"fnMap":{"0":{"name":"(anonymous_0)","decl":{"start":{"line":29,"column":15},"end":{"line":29,"column":16}},"loc":{"start":{"line":29,"column":29},"end":{"line":31,"column":3}},"line":29},"1":{"name":"(anonymous_1)","decl":{"start":{"line":35,"column":15},"end":{"line":35,"column":16}},"loc":{"start":{"line":35,"column":29},"end":{"line":37,"column":3}},"line":35}},"branchMap":{"0":{"loc":{"start":{"line":17,"column":16},"end":{"line":17,"column":28}},"type":"binary-expr","locations":[{"start":{"line":17,"column":16},"end":{"line":17,"column":20}},{"start":{"line":17,"column":24},"end":{"line":17,"column":28}}],"line":17},"1":{"loc":{"start":{"line":28,"column":0},"end":{"line":32,"column":1}},"type":"if","locations":[{"start":{"line":28,"column":0},"end":{"line":32,"column":1}},{"start":{"line":28,"column":0},"end":{"line":32,"column":1}}],"line":28},"2":{"loc":{"start":{"line":33,"column":0},"end":{"line":38,"column":1}},"type":"if","locations":[{"start":{"line":33,"column":0},"end":{"line":38,"column":1}},{"start":{"line":33,"column":0},"end":{"line":38,"column":1}}],"line":33}},"s":{"0":1,"1":1,"2":1,"3":1,"4":1,"5":1,"6":1,"7":1,"8":1,"9":1,"10":1,"11":1,"12":1,"13":1,"14":1,"15":0,"16":0,"17":1,"18":0,"19":0,"20":0,"21":1,"22":1,"23":1},"f":{"0":0,"1":0},"b":{"0":[1,1],"1":[0,1],"2":[0,1]},"_coverageSchema":"1a1c01bbd47fc00a2c39e90264f33305004495a9","hash":"e8fa5be7f750e947b8783e7f873f67f20acb15dc"}
,"/home/hassanelnajjar/code/dentoro/server/controllers/index.js": {"path":"/home/hassanelnajjar/code/dentoro/server/controllers/index.js","statementMap":{"0":{"start":{"line":1,"column":28},"end":{"line":1,"column":49}},"1":{"start":{"line":2,"column":31},"end":{"line":2,"column":56}},"2":{"start":{"line":3,"column":25},"end":{"line":3,"column":43}},"3":{"start":{"line":5,"column":0},"end":{"line":9,"column":2}}},"fnMap":{},"branchMap":{},"s":{"0":1,"1":1,"2":1,"3":1},"f":{},"b":{},"_coverageSchema":"1a1c01bbd47fc00a2c39e90264f33305004495a9","hash":"c6d6cde9e28a173d6b7afa48feea2511515dcbec"}
,"/home/hassanelnajjar/code/dentoro/server/controllers/appointments/appointmentsSearch.js": {"path":"/home/hassanelnajjar/code/dentoro/server/controllers/appointments/appointmentsSearch.js","statementMap":{"0":{"start":{"line":3,"column":4},"end":{"line":3,"column":37}},"1":{"start":{"line":4,"column":46},"end":{"line":4,"column":68}},"2":{"start":{"line":6,"column":27},"end":{"line":38,"column":1}},"3":{"start":{"line":7,"column":2},"end":{"line":37,"column":3}},"4":{"start":{"line":12,"column":8},"end":{"line":14,"column":6}},"5":{"start":{"line":16,"column":4},"end":{"line":30,"column":5}},"6":{"start":{"line":17,"column":29},"end":{"line":21,"column":8}},"7":{"start":{"line":22,"column":6},"end":{"line":25,"column":9}},"8":{"start":{"line":27,"column":6},"end":{"line":29,"column":8}},"9":{"start":{"line":32,"column":4},"end":{"line":36,"column":6}},"10":{"start":{"line":40,"column":0},"end":{"line":40,"column":36}}},"fnMap":{"0":{"name":"(anonymous_0)","decl":{"start":{"line":6,"column":27},"end":{"line":6,"column":28}},"loc":{"start":{"line":6,"column":53},"end":{"line":38,"column":1}},"line":6}},"branchMap":{"0":{"loc":{"start":{"line":16,"column":4},"end":{"line":30,"column":5}},"type":"if","locations":[{"start":{"line":16,"column":4},"end":{"line":30,"column":5}},{"start":{"line":16,"column":4},"end":{"line":30,"column":5}}],"line":16},"1":{"loc":{"start":{"line":16,"column":8},"end":{"line":16,"column":38}},"type":"binary-expr","locations":[{"start":{"line":16,"column":8},"end":{"line":16,"column":17}},{"start":{"line":16,"column":21},"end":{"line":16,"column":29}},{"start":{"line":16,"column":33},"end":{"line":16,"column":38}}],"line":16},"2":{"loc":{"start":{"line":33,"column":6},"end":{"line":35,"column":15}},"type":"cond-expr","locations":[{"start":{"line":34,"column":10},"end":{"line":34,"column":56}},{"start":{"line":35,"column":10},"end":{"line":35,"column":15}}],"line":33}},"s":{"0":1,"1":1,"2":1,"3":3,"4":3,"5":3,"6":2,"7":2,"8":1,"9":0,"10":1},"f":{"0":3},"b":{"0":[2,1],"1":[3,2,2],"2":[0,0]},"_coverageSchema":"1a1c01bbd47fc00a2c39e90264f33305004495a9","hash":"6340c090135144aa22c5e3e606aca45e86781d09"}
,"/home/hassanelnajjar/code/dentoro/server/controllers/appointments/deleteAppointments.js": {"path":"/home/hassanelnajjar/code/dentoro/server/controllers/appointments/deleteAppointments.js","statementMap":{"0":{"start":{"line":1,"column":38},"end":{"line":1,"column":71}},"1":{"start":{"line":2,"column":45},"end":{"line":2,"column":67}},"2":{"start":{"line":4,"column":27},"end":{"line":35,"column":1}},"3":{"start":{"line":5,"column":2},"end":{"line":34,"column":3}},"4":{"start":{"line":6,"column":30},"end":{"line":8,"column":5}},"5":{"start":{"line":12,"column":8},"end":{"line":12,"column":54}},"6":{"start":{"line":13,"column":4},"end":{"line":21,"column":5}},"7":{"start":{"line":14,"column":6},"end":{"line":20,"column":8}},"8":{"start":{"line":23,"column":4},"end":{"line":23,"column":51}},"9":{"start":{"line":24,"column":4},"end":{"line":27,"column":7}},"10":{"start":{"line":29,"column":4},"end":{"line":33,"column":6}},"11":{"start":{"line":37,"column":0},"end":{"line":37,"column":36}}},"fnMap":{"0":{"name":"(anonymous_0)","decl":{"start":{"line":4,"column":27},"end":{"line":4,"column":28}},"loc":{"start":{"line":4,"column":53},"end":{"line":35,"column":1}},"line":4}},"branchMap":{"0":{"loc":{"start":{"line":13,"column":4},"end":{"line":21,"column":5}},"type":"if","locations":[{"start":{"line":13,"column":4},"end":{"line":21,"column":5}},{"start":{"line":13,"column":4},"end":{"line":21,"column":5}}],"line":13},"1":{"loc":{"start":{"line":30,"column":6},"end":{"line":32,"column":15}},"type":"cond-expr","locations":[{"start":{"line":31,"column":10},"end":{"line":31,"column":56}},{"start":{"line":32,"column":10},"end":{"line":32,"column":15}}],"line":30}},"s":{"0":1,"1":1,"2":1,"3":3,"4":3,"5":2,"6":2,"7":1,"8":1,"9":1,"10":1,"11":1},"f":{"0":3},"b":{"0":[1,1],"1":[1,0]},"_coverageSchema":"1a1c01bbd47fc00a2c39e90264f33305004495a9","hash":"904edfecd06e83043b8fe2369ebb9521d373d911"}
,"/home/hassanelnajjar/code/dentoro/server/controllers/appointments/getAppointmentsByDate.js": {"path":"/home/hassanelnajjar/code/dentoro/server/controllers/appointments/getAppointmentsByDate.js","statementMap":{"0":{"start":{"line":1,"column":39},"end":{"line":1,"column":72}},"1":{"start":{"line":2,"column":47},"end":{"line":2,"column":69}},"2":{"start":{"line":4,"column":30},"end":{"line":18,"column":1}},"3":{"start":{"line":5,"column":2},"end":{"line":17,"column":3}},"4":{"start":{"line":6,"column":32},"end":{"line":8,"column":5}},"5":{"start":{"line":9,"column":21},"end":{"line":9,"column":70}},"6":{"start":{"line":10,"column":4},"end":{"line":10,"column":73}},"7":{"start":{"line":12,"column":4},"end":{"line":16,"column":6}},"8":{"start":{"line":20,"column":0},"end":{"line":20,"column":39}}},"fnMap":{"0":{"name":"(anonymous_0)","decl":{"start":{"line":4,"column":30},"end":{"line":4,"column":31}},"loc":{"start":{"line":4,"column":56},"end":{"line":18,"column":1}},"line":4}},"branchMap":{"0":{"loc":{"start":{"line":13,"column":6},"end":{"line":15,"column":13}},"type":"cond-expr","locations":[{"start":{"line":14,"column":10},"end":{"line":14,"column":68}},{"start":{"line":15,"column":10},"end":{"line":15,"column":13}}],"line":13}},"s":{"0":1,"1":1,"2":1,"3":3,"4":3,"5":1,"6":1,"7":2,"8":1},"f":{"0":3},"b":{"0":[2,0]},"_coverageSchema":"1a1c01bbd47fc00a2c39e90264f33305004495a9","hash":"2dbf2686dd0dc0cfa733146bc8ce87da607c5170"}
,"/home/hassanelnajjar/code/dentoro/server/controllers/appointments/index.js": {"path":"/home/hassanelnajjar/code/dentoro/server/controllers/appointments/index.js","statementMap":{"0":{"start":{"line":1,"column":27},"end":{"line":1,"column":58}},"1":{"start":{"line":3,"column":0},"end":{"line":3,"column":40}},"2":{"start":{"line":4,"column":0},"end":{"line":4,"column":60}},"3":{"start":{"line":5,"column":0},"end":{"line":5,"column":68}},"4":{"start":{"line":6,"column":0},"end":{"line":6,"column":74}},"5":{"start":{"line":7,"column":0},"end":{"line":7,"column":80}},"6":{"start":{"line":8,"column":0},"end":{"line":8,"column":68}},"7":{"start":{"line":9,"column":0},"end":{"line":9,"column":70}},"8":{"start":{"line":10,"column":0},"end":{"line":10,"column":74}}},"fnMap":{},"branchMap":{},"s":{"0":1,"1":1,"2":1,"3":1,"4":1,"5":1,"6":1,"7":1,"8":1},"f":{},"b":{},"_coverageSchema":"1a1c01bbd47fc00a2c39e90264f33305004495a9","hash":"210cdb40b68d019ec6b34e7b4f499abce0f64176"}
,"/home/hassanelnajjar/code/dentoro/server/controllers/appointments/addAppointment/index.js": {"path":"/home/hassanelnajjar/code/dentoro/server/controllers/appointments/addAppointment/index.js","statementMap":{"0":{"start":{"line":6,"column":4},"end":{"line":6,"column":40}},"1":{"start":{"line":11,"column":4},"end":{"line":11,"column":29}},"2":{"start":{"line":13,"column":23},"end":{"line":92,"column":1}},"3":{"start":{"line":14,"column":2},"end":{"line":91,"column":3}},"4":{"start":{"line":25,"column":8},"end":{"line":27,"column":6}},"5":{"start":{"line":28,"column":4},"end":{"line":36,"column":5}},"6":{"start":{"line":29,"column":6},"end":{"line":35,"column":8}},"7":{"start":{"line":38,"column":39},"end":{"line":40,"column":6}},"8":{"start":{"line":41,"column":30},"end":{"line":43,"column":5}},"9":{"start":{"line":42,"column":41},"end":{"line":42,"column":68}},"10":{"start":{"line":44,"column":4},"end":{"line":51,"column":8}},"11":{"start":{"line":45,"column":6},"end":{"line":51,"column":8}},"12":{"start":{"line":58,"column":8},"end":{"line":60,"column":6}},"13":{"start":{"line":61,"column":4},"end":{"line":75,"column":5}},"14":{"start":{"line":64,"column":10},"end":{"line":71,"column":8}},"15":{"start":{"line":72,"column":6},"end":{"line":72,"column":31}},"16":{"start":{"line":74,"column":6},"end":{"line":74,"column":37}},"17":{"start":{"line":76,"column":4},"end":{"line":81,"column":7}},"18":{"start":{"line":82,"column":4},"end":{"line":82,"column":69}},"19":{"start":{"line":84,"column":4},"end":{"line":86,"column":5}},"20":{"start":{"line":85,"column":6},"end":{"line":85,"column":59}},"21":{"start":{"line":87,"column":4},"end":{"line":89,"column":5}},"22":{"start":{"line":88,"column":6},"end":{"line":88,"column":64}},"23":{"start":{"line":90,"column":4},"end":{"line":90,"column":21}},"24":{"start":{"line":94,"column":0},"end":{"line":94,"column":32}}},"fnMap":{"0":{"name":"(anonymous_0)","decl":{"start":{"line":13,"column":23},"end":{"line":13,"column":24}},"loc":{"start":{"line":13,"column":49},"end":{"line":92,"column":1}},"line":13},"1":{"name":"(anonymous_1)","decl":{"start":{"line":42,"column":6},"end":{"line":42,"column":7}},"loc":{"start":{"line":42,"column":41},"end":{"line":42,"column":68}},"line":42}},"branchMap":{"0":{"loc":{"start":{"line":28,"column":4},"end":{"line":36,"column":5}},"type":"if","locations":[{"start":{"line":28,"column":4},"end":{"line":36,"column":5}},{"start":{"line":28,"column":4},"end":{"line":36,"column":5}}],"line":28},"1":{"loc":{"start":{"line":44,"column":4},"end":{"line":51,"column":8}},"type":"if","locations":[{"start":{"line":44,"column":4},"end":{"line":51,"column":8}},{"start":{"line":44,"column":4},"end":{"line":51,"column":8}}],"line":44},"2":{"loc":{"start":{"line":61,"column":4},"end":{"line":75,"column":5}},"type":"if","locations":[{"start":{"line":61,"column":4},"end":{"line":75,"column":5}},{"start":{"line":61,"column":4},"end":{"line":75,"column":5}}],"line":61},"3":{"loc":{"start":{"line":84,"column":4},"end":{"line":86,"column":5}},"type":"if","locations":[{"start":{"line":84,"column":4},"end":{"line":86,"column":5}},{"start":{"line":84,"column":4},"end":{"line":86,"column":5}}],"line":84},"4":{"loc":{"start":{"line":87,"column":4},"end":{"line":89,"column":5}},"type":"if","locations":[{"start":{"line":87,"column":4},"end":{"line":89,"column":5}},{"start":{"line":87,"column":4},"end":{"line":89,"column":5}}],"line":87}},"s":{"0":1,"1":1,"2":1,"3":6,"4":6,"5":4,"6":1,"7":3,"8":3,"9":3,"10":3,"11":1,"12":2,"13":2,"14":1,"15":1,"16":1,"17":2,"18":2,"19":2,"20":1,"21":1,"22":1,"23":0,"24":1},"f":{"0":6,"1":3},"b":{"0":[1,3],"1":[1,2],"2":[1,1],"3":[1,1],"4":[1,0]},"_coverageSchema":"1a1c01bbd47fc00a2c39e90264f33305004495a9","hash":"236a006530f974223af285fe0620a7c67fa9c182"}
,"/home/hassanelnajjar/code/dentoro/server/controllers/appointments/editAppointmentStatus/index.js": {"path":"/home/hassanelnajjar/code/dentoro/server/controllers/appointments/editAppointmentStatus/index.js","statementMap":{"0":{"start":{"line":1,"column":45},"end":{"line":1,"column":70}},"1":{"start":{"line":6,"column":4},"end":{"line":6,"column":40}},"2":{"start":{"line":8,"column":30},"end":{"line":46,"column":1}},"3":{"start":{"line":9,"column":2},"end":{"line":45,"column":3}},"4":{"start":{"line":10,"column":30},"end":{"line":12,"column":5}},"5":{"start":{"line":17,"column":8},"end":{"line":19,"column":6}},"6":{"start":{"line":21,"column":4},"end":{"line":25,"column":5}},"7":{"start":{"line":22,"column":6},"end":{"line":24,"column":8}},"8":{"start":{"line":26,"column":43},"end":{"line":26,"column":61}},"9":{"start":{"line":28,"column":4},"end":{"line":32,"column":5}},"10":{"start":{"line":29,"column":6},"end":{"line":31,"column":8}},"11":{"start":{"line":33,"column":4},"end":{"line":35,"column":7}},"12":{"start":{"line":36,"column":4},"end":{"line":39,"column":7}},"13":{"start":{"line":41,"column":4},"end":{"line":43,"column":5}},"14":{"start":{"line":42,"column":6},"end":{"line":42,"column":64}},"15":{"start":{"line":44,"column":4},"end":{"line":44,"column":21}},"16":{"start":{"line":48,"column":0},"end":{"line":48,"column":39}}},"fnMap":{"0":{"name":"(anonymous_0)","decl":{"start":{"line":8,"column":30},"end":{"line":8,"column":31}},"loc":{"start":{"line":8,"column":56},"end":{"line":46,"column":1}},"line":8}},"branchMap":{"0":{"loc":{"start":{"line":21,"column":4},"end":{"line":25,"column":5}},"type":"if","locations":[{"start":{"line":21,"column":4},"end":{"line":25,"column":5}},{"start":{"line":21,"column":4},"end":{"line":25,"column":5}}],"line":21},"1":{"loc":{"start":{"line":28,"column":4},"end":{"line":32,"column":5}},"type":"if","locations":[{"start":{"line":28,"column":4},"end":{"line":32,"column":5}},{"start":{"line":28,"column":4},"end":{"line":32,"column":5}}],"line":28},"2":{"loc":{"start":{"line":41,"column":4},"end":{"line":43,"column":5}},"type":"if","locations":[{"start":{"line":41,"column":4},"end":{"line":43,"column":5}},{"start":{"line":41,"column":4},"end":{"line":43,"column":5}}],"line":41}},"s":{"0":1,"1":1,"2":1,"3":4,"4":4,"5":3,"6":3,"7":1,"8":2,"9":2,"10":1,"11":1,"12":1,"13":1,"14":1,"15":0,"16":1},"f":{"0":4},"b":{"0":[1,2],"1":[1,1],"2":[1,0]},"_coverageSchema":"1a1c01bbd47fc00a2c39e90264f33305004495a9","hash":"6d813b0444e8943a06462fc17193eaca59d48f54"}
,"/home/hassanelnajjar/code/dentoro/server/controllers/appointments/editAppointmentTime/index.js": {"path":"/home/hassanelnajjar/code/dentoro/server/controllers/appointments/editAppointmentTime/index.js","statementMap":{"0":{"start":{"line":6,"column":4},"end":{"line":6,"column":29}},"1":{"start":{"line":12,"column":4},"end":{"line":12,"column":40}},"2":{"start":{"line":14,"column":28},"end":{"line":85,"column":1}},"3":{"start":{"line":15,"column":2},"end":{"line":84,"column":3}},"4":{"start":{"line":16,"column":30},"end":{"line":18,"column":5}},"5":{"start":{"line":22,"column":8},"end":{"line":22,"column":62}},"6":{"start":{"line":24,"column":4},"end":{"line":32,"column":5}},"7":{"start":{"line":25,"column":6},"end":{"line":31,"column":8}},"8":{"start":{"line":33,"column":39},"end":{"line":35,"column":6}},"9":{"start":{"line":36,"column":30},"end":{"line":38,"column":5}},"10":{"start":{"line":37,"column":41},"end":{"line":37,"column":68}},"11":{"start":{"line":39,"column":4},"end":{"line":46,"column":8}},"12":{"start":{"line":40,"column":6},"end":{"line":46,"column":8}},"13":{"start":{"line":51,"column":8},"end":{"line":53,"column":6}},"14":{"start":{"line":55,"column":4},"end":{"line":59,"column":5}},"15":{"start":{"line":56,"column":6},"end":{"line":58,"column":8}},"16":{"start":{"line":60,"column":43},"end":{"line":60,"column":61}},"17":{"start":{"line":62,"column":4},"end":{"line":66,"column":5}},"18":{"start":{"line":63,"column":6},"end":{"line":65,"column":8}},"19":{"start":{"line":67,"column":4},"end":{"line":71,"column":7}},"20":{"start":{"line":72,"column":4},"end":{"line":75,"column":7}},"21":{"start":{"line":77,"column":4},"end":{"line":79,"column":5}},"22":{"start":{"line":78,"column":6},"end":{"line":78,"column":59}},"23":{"start":{"line":80,"column":4},"end":{"line":82,"column":5}},"24":{"start":{"line":81,"column":6},"end":{"line":81,"column":64}},"25":{"start":{"line":83,"column":4},"end":{"line":83,"column":21}},"26":{"start":{"line":87,"column":0},"end":{"line":87,"column":37}}},"fnMap":{"0":{"name":"(anonymous_0)","decl":{"start":{"line":14,"column":28},"end":{"line":14,"column":29}},"loc":{"start":{"line":14,"column":54},"end":{"line":85,"column":1}},"line":14},"1":{"name":"(anonymous_1)","decl":{"start":{"line":37,"column":6},"end":{"line":37,"column":7}},"loc":{"start":{"line":37,"column":41},"end":{"line":37,"column":68}},"line":37}},"branchMap":{"0":{"loc":{"start":{"line":24,"column":4},"end":{"line":32,"column":5}},"type":"if","locations":[{"start":{"line":24,"column":4},"end":{"line":32,"column":5}},{"start":{"line":24,"column":4},"end":{"line":32,"column":5}}],"line":24},"1":{"loc":{"start":{"line":39,"column":4},"end":{"line":46,"column":8}},"type":"if","locations":[{"start":{"line":39,"column":4},"end":{"line":46,"column":8}},{"start":{"line":39,"column":4},"end":{"line":46,"column":8}}],"line":39},"2":{"loc":{"start":{"line":55,"column":4},"end":{"line":59,"column":5}},"type":"if","locations":[{"start":{"line":55,"column":4},"end":{"line":59,"column":5}},{"start":{"line":55,"column":4},"end":{"line":59,"column":5}}],"line":55},"3":{"loc":{"start":{"line":62,"column":4},"end":{"line":66,"column":5}},"type":"if","locations":[{"start":{"line":62,"column":4},"end":{"line":66,"column":5}},{"start":{"line":62,"column":4},"end":{"line":66,"column":5}}],"line":62},"4":{"loc":{"start":{"line":77,"column":4},"end":{"line":79,"column":5}},"type":"if","locations":[{"start":{"line":77,"column":4},"end":{"line":79,"column":5}},{"start":{"line":77,"column":4},"end":{"line":79,"column":5}}],"line":77},"5":{"loc":{"start":{"line":80,"column":4},"end":{"line":82,"column":5}},"type":"if","locations":[{"start":{"line":80,"column":4},"end":{"line":82,"column":5}},{"start":{"line":80,"column":4},"end":{"line":82,"column":5}}],"line":80}},"s":{"0":1,"1":1,"2":1,"3":8,"4":8,"5":7,"6":5,"7":1,"8":4,"9":4,"10":1,"11":4,"12":1,"13":3,"14":3,"15":1,"16":2,"17":2,"18":1,"19":1,"20":1,"21":3,"22":2,"23":1,"24":1,"25":0,"26":1},"f":{"0":8,"1":1},"b":{"0":[1,4],"1":[1,3],"2":[1,2],"3":[1,1],"4":[2,1],"5":[1,0]},"_coverageSchema":"1a1c01bbd47fc00a2c39e90264f33305004495a9","hash":"3b27238bd52b534dff1204fef549c768c218bf2d"}
,"/home/hassanelnajjar/code/dentoro/server/controllers/appointments/getAvailableAppointments/index.js": {"path":"/home/hassanelnajjar/code/dentoro/server/controllers/appointments/getAvailableAppointments/index.js","statementMap":{"0":{"start":{"line":1,"column":32},"end":{"line":1,"column":68}},"1":{"start":{"line":2,"column":47},"end":{"line":2,"column":72}},"2":{"start":{"line":4,"column":26},"end":{"line":48,"column":1}},"3":{"start":{"line":5,"column":2},"end":{"line":47,"column":3}},"4":{"start":{"line":6,"column":21},"end":{"line":6,"column":31}},"5":{"start":{"line":8,"column":20},"end":{"line":10,"column":6}},"6":{"start":{"line":12,"column":4},"end":{"line":14,"column":5}},"7":{"start":{"line":13,"column":6},"end":{"line":13,"column":78}},"8":{"start":{"line":16,"column":26},"end":{"line":28,"column":5}},"9":{"start":{"line":29,"column":29},"end":{"line":29,"column":51}},"10":{"start":{"line":31,"column":38},"end":{"line":31,"column":73}},"11":{"start":{"line":33,"column":4},"end":{"line":38,"column":7}},"12":{"start":{"line":34,"column":52},"end":{"line":34,"column":59}},"13":{"start":{"line":35,"column":6},"end":{"line":37,"column":7}},"14":{"start":{"line":36,"column":8},"end":{"line":36,"column":49}},"15":{"start":{"line":40,"column":4},"end":{"line":44,"column":7}},"16":{"start":{"line":46,"column":4},"end":{"line":46,"column":23}},"17":{"start":{"line":50,"column":0},"end":{"line":50,"column":35}}},"fnMap":{"0":{"name":"(anonymous_0)","decl":{"start":{"line":4,"column":26},"end":{"line":4,"column":27}},"loc":{"start":{"line":4,"column":52},"end":{"line":48,"column":1}},"line":4},"1":{"name":"(anonymous_1)","decl":{"start":{"line":33,"column":28},"end":{"line":33,"column":29}},"loc":{"start":{"line":33,"column":41},"end":{"line":38,"column":5}},"line":33}},"branchMap":{"0":{"loc":{"start":{"line":12,"column":4},"end":{"line":14,"column":5}},"type":"if","locations":[{"start":{"line":12,"column":4},"end":{"line":14,"column":5}},{"start":{"line":12,"column":4},"end":{"line":14,"column":5}}],"line":12},"1":{"loc":{"start":{"line":35,"column":6},"end":{"line":37,"column":7}},"type":"if","locations":[{"start":{"line":35,"column":6},"end":{"line":37,"column":7}},{"start":{"line":35,"column":6},"end":{"line":37,"column":7}}],"line":35}},"s":{"0":1,"1":1,"2":1,"3":1,"4":1,"5":1,"6":1,"7":0,"8":1,"9":1,"10":1,"11":1,"12":5,"13":5,"14":5,"15":1,"16":0,"17":1},"f":{"0":1,"1":5},"b":{"0":[0,1],"1":[5,0]},"_coverageSchema":"1a1c01bbd47fc00a2c39e90264f33305004495a9","hash":"9b12481a928e3fbca75e2f1fc4f9ce25638e6d3e"}
,"/home/hassanelnajjar/code/dentoro/server/controllers/patients/getAllPatientData.js": {"path":"/home/hassanelnajjar/code/dentoro/server/controllers/patients/getAllPatientData.js","statementMap":{"0":{"start":{"line":1,"column":37},"end":{"line":1,"column":59}},"1":{"start":{"line":6,"column":4},"end":{"line":6,"column":37}},"2":{"start":{"line":8,"column":26},"end":{"line":44,"column":1}},"3":{"start":{"line":9,"column":2},"end":{"line":43,"column":3}},"4":{"start":{"line":10,"column":26},"end":{"line":10,"column":36}},"5":{"start":{"line":12,"column":20},"end":{"line":14,"column":6}},"6":{"start":{"line":15,"column":4},"end":{"line":17,"column":5}},"7":{"start":{"line":16,"column":6},"end":{"line":16,"column":75}},"8":{"start":{"line":20,"column":8},"end":{"line":20,"column":50}},"9":{"start":{"line":21,"column":4},"end":{"line":25,"column":5}},"10":{"start":{"line":22,"column":6},"end":{"line":24,"column":8}},"11":{"start":{"line":27,"column":30},"end":{"line":27,"column":65}},"12":{"start":{"line":28,"column":20},"end":{"line":31,"column":5}},"13":{"start":{"line":29,"column":20},"end":{"line":29,"column":75}},"14":{"start":{"line":32,"column":4},"end":{"line":40,"column":7}},"15":{"start":{"line":42,"column":4},"end":{"line":42,"column":23}},"16":{"start":{"line":46,"column":0},"end":{"line":46,"column":35}}},"fnMap":{"0":{"name":"(anonymous_0)","decl":{"start":{"line":8,"column":26},"end":{"line":8,"column":27}},"loc":{"start":{"line":8,"column":52},"end":{"line":44,"column":1}},"line":8},"1":{"name":"(anonymous_1)","decl":{"start":{"line":29,"column":6},"end":{"line":29,"column":7}},"loc":{"start":{"line":29,"column":20},"end":{"line":29,"column":75}},"line":29}},"branchMap":{"0":{"loc":{"start":{"line":15,"column":4},"end":{"line":17,"column":5}},"type":"if","locations":[{"start":{"line":15,"column":4},"end":{"line":17,"column":5}},{"start":{"line":15,"column":4},"end":{"line":17,"column":5}}],"line":15},"1":{"loc":{"start":{"line":21,"column":4},"end":{"line":25,"column":5}},"type":"if","locations":[{"start":{"line":21,"column":4},"end":{"line":25,"column":5}},{"start":{"line":21,"column":4},"end":{"line":25,"column":5}}],"line":21}},"s":{"0":1,"1":1,"2":1,"3":2,"4":2,"5":2,"6":2,"7":1,"8":1,"9":1,"10":0,"11":1,"12":1,"13":1,"14":1,"15":0,"16":1},"f":{"0":2,"1":1},"b":{"0":[1,1],"1":[0,1]},"_coverageSchema":"1a1c01bbd47fc00a2c39e90264f33305004495a9","hash":"fdd92c44fb773553ed822f02be144678c8fe0bf2"}
,"/home/hassanelnajjar/code/dentoro/server/controllers/patients/getPatients.js": {"path":"/home/hassanelnajjar/code/dentoro/server/controllers/patients/getPatients.js","statementMap":{"0":{"start":{"line":1,"column":29},"end":{"line":1,"column":62}},"1":{"start":{"line":3,"column":20},"end":{"line":10,"column":1}},"2":{"start":{"line":4,"column":2},"end":{"line":9,"column":3}},"3":{"start":{"line":5,"column":27},"end":{"line":5,"column":51}},"4":{"start":{"line":6,"column":4},"end":{"line":6,"column":40}},"5":{"start":{"line":8,"column":4},"end":{"line":8,"column":16}},"6":{"start":{"line":12,"column":0},"end":{"line":12,"column":29}}},"fnMap":{"0":{"name":"(anonymous_0)","decl":{"start":{"line":3,"column":20},"end":{"line":3,"column":21}},"loc":{"start":{"line":3,"column":46},"end":{"line":10,"column":1}},"line":3}},"branchMap":{},"s":{"0":1,"1":1,"2":0,"3":0,"4":0,"5":0,"6":1},"f":{"0":0},"b":{},"_coverageSchema":"1a1c01bbd47fc00a2c39e90264f33305004495a9","hash":"c23ecbdbc6be5b953864b7e20e35852bb16ab8d8"}
,"/home/hassanelnajjar/code/dentoro/server/controllers/patients/index.js": {"path":"/home/hassanelnajjar/code/dentoro/server/controllers/patients/index.js","statementMap":{"0":{"start":{"line":1,"column":0},"end":{"line":1,"column":54}},"1":{"start":{"line":2,"column":0},"end":{"line":2,"column":78}},"2":{"start":{"line":3,"column":0},"end":{"line":3,"column":66}},"3":{"start":{"line":4,"column":0},"end":{"line":4,"column":58}}},"fnMap":{},"branchMap":{},"s":{"0":1,"1":1,"2":1,"3":1},"f":{},"b":{},"_coverageSchema":"1a1c01bbd47fc00a2c39e90264f33305004495a9","hash":"624b46d9a11429ff9f6a9cfcd12df7e010b35597"}
,"/home/hassanelnajjar/code/dentoro/server/controllers/patients/addHistoryLog/index.js": {"path":"/home/hassanelnajjar/code/dentoro/server/controllers/patients/addHistoryLog/index.js","statementMap":{"0":{"start":{"line":1,"column":38},"end":{"line":1,"column":63}},"1":{"start":{"line":6,"column":4},"end":{"line":6,"column":40}},"2":{"start":{"line":8,"column":22},"end":{"line":58,"column":1}},"3":{"start":{"line":9,"column":2},"end":{"line":57,"column":3}},"4":{"start":{"line":13,"column":8},"end":{"line":13,"column":11}},"5":{"start":{"line":15,"column":4},"end":{"line":25,"column":6}},"6":{"start":{"line":28,"column":8},"end":{"line":28,"column":50}},"7":{"start":{"line":30,"column":4},"end":{"line":38,"column":5}},"8":{"start":{"line":31,"column":6},"end":{"line":37,"column":8}},"9":{"start":{"line":40,"column":27},"end":{"line":45,"column":6}},"10":{"start":{"line":47,"column":4},"end":{"line":51,"column":7}},"11":{"start":{"line":53,"column":4},"end":{"line":55,"column":5}},"12":{"start":{"line":54,"column":6},"end":{"line":54,"column":66}},"13":{"start":{"line":56,"column":4},"end":{"line":56,"column":23}},"14":{"start":{"line":60,"column":0},"end":{"line":60,"column":31}}},"fnMap":{"0":{"name":"(anonymous_0)","decl":{"start":{"line":8,"column":22},"end":{"line":8,"column":23}},"loc":{"start":{"line":8,"column":48},"end":{"line":58,"column":1}},"line":8}},"branchMap":{"0":{"loc":{"start":{"line":30,"column":4},"end":{"line":38,"column":5}},"type":"if","locations":[{"start":{"line":30,"column":4},"end":{"line":38,"column":5}},{"start":{"line":30,"column":4},"end":{"line":38,"column":5}}],"line":30},"1":{"loc":{"start":{"line":53,"column":4},"end":{"line":55,"column":5}},"type":"if","locations":[{"start":{"line":53,"column":4},"end":{"line":55,"column":5}},{"start":{"line":53,"column":4},"end":{"line":55,"column":5}}],"line":53}},"s":{"0":1,"1":1,"2":1,"3":2,"4":2,"5":2,"6":1,"7":1,"8":0,"9":1,"10":1,"11":1,"12":1,"13":0,"14":1},"f":{"0":2},"b":{"0":[0,1],"1":[1,0]},"_coverageSchema":"1a1c01bbd47fc00a2c39e90264f33305004495a9","hash":"753aff6b915b39e5e90c0358d260594d084ff0c9"}
,"/home/hassanelnajjar/code/dentoro/server/controllers/patients/getPatientByNameOrPhone/index.js": {"path":"/home/hassanelnajjar/code/dentoro/server/controllers/patients/getPatientByNameOrPhone/index.js","statementMap":{"0":{"start":{"line":1,"column":41},"end":{"line":1,"column":77}},"1":{"start":{"line":3,"column":45},"end":{"line":3,"column":70}},"2":{"start":{"line":5,"column":32},"end":{"line":39,"column":1}},"3":{"start":{"line":6,"column":2},"end":{"line":38,"column":3}},"4":{"start":{"line":9,"column":8},"end":{"line":9,"column":11}},"5":{"start":{"line":11,"column":35},"end":{"line":15,"column":6}},"6":{"start":{"line":17,"column":4},"end":{"line":24,"column":8}},"7":{"start":{"line":18,"column":6},"end":{"line":24,"column":8}},"8":{"start":{"line":25,"column":31},"end":{"line":29,"column":6}},"9":{"start":{"line":31,"column":4},"end":{"line":35,"column":7}},"10":{"start":{"line":37,"column":4},"end":{"line":37,"column":23}},"11":{"start":{"line":40,"column":0},"end":{"line":40,"column":41}}},"fnMap":{"0":{"name":"(anonymous_0)","decl":{"start":{"line":5,"column":32},"end":{"line":5,"column":33}},"loc":{"start":{"line":5,"column":58},"end":{"line":39,"column":1}},"line":5}},"branchMap":{"0":{"loc":{"start":{"line":17,"column":4},"end":{"line":24,"column":8}},"type":"if","locations":[{"start":{"line":17,"column":4},"end":{"line":24,"column":8}},{"start":{"line":17,"column":4},"end":{"line":24,"column":8}}],"line":17}},"s":{"0":1,"1":1,"2":1,"3":6,"4":6,"5":6,"6":6,"7":3,"8":3,"9":3,"10":0,"11":1},"f":{"0":6},"b":{"0":[3,3]},"_coverageSchema":"1a1c01bbd47fc00a2c39e90264f33305004495a9","hash":"4fb158888cd76ce4022771b7e406de3eb00832f5"}
,"/home/hassanelnajjar/code/dentoro/server/controllers/users/index.js": {"path":"/home/hassanelnajjar/code/dentoro/server/controllers/users/index.js","statementMap":{"0":{"start":{"line":1,"column":0},"end":{"line":1,"column":20}}},"fnMap":{},"branchMap":{},"s":{"0":1},"f":{},"b":{},"_coverageSchema":"1a1c01bbd47fc00a2c39e90264f33305004495a9","hash":"e1c2b0409e2c2f71c454eb9be4fb534bd77a8be6"}
,"/home/hassanelnajjar/code/dentoro/server/database/config/build.js": {"path":"/home/hassanelnajjar/code/dentoro/server/database/config/build.js","statementMap":{"0":{"start":{"line":1,"column":25},"end":{"line":1,"column":38}},"1":{"start":{"line":2,"column":17},"end":{"line":2,"column":32}},"2":{"start":{"line":3,"column":19},"end":{"line":3,"column":42}},"3":{"start":{"line":5,"column":16},"end":{"line":9,"column":1}},"4":{"start":{"line":6,"column":12},"end":{"line":6,"column":65}},"5":{"start":{"line":7,"column":2},"end":{"line":7,"column":66}},"6":{"start":{"line":8,"column":2},"end":{"line":8,"column":31}},"7":{"start":{"line":11,"column":0},"end":{"line":11,"column":25}}},"fnMap":{"0":{"name":"(anonymous_0)","decl":{"start":{"line":5,"column":16},"end":{"line":5,"column":17}},"loc":{"start":{"line":5,"column":22},"end":{"line":9,"column":1}},"line":5}},"branchMap":{},"s":{"0":1,"1":1,"2":1,"3":1,"4":56,"5":56,"6":56,"7":1},"f":{"0":56},"b":{},"_coverageSchema":"1a1c01bbd47fc00a2c39e90264f33305004495a9","hash":"ae34ffb1e7e97ecf4ce0168da180f12fc82b3d71"}
,"/home/hassanelnajjar/code/dentoro/server/database/config/connection.js": {"path":"/home/hassanelnajjar/code/dentoro/server/database/config/connection.js","statementMap":{"0":{"start":{"line":1,"column":0},"end":{"line":1,"column":27}},"1":{"start":{"line":3,"column":17},"end":{"line":3,"column":30}},"2":{"start":{"line":5,"column":12},"end":{"line":5,"column":14}},"3":{"start":{"line":8,"column":4},"end":{"line":8,"column":11}},"4":{"start":{"line":10,"column":0},"end":{"line":25,"column":1}},"5":{"start":{"line":12,"column":4},"end":{"line":12,"column":25}},"6":{"start":{"line":13,"column":4},"end":{"line":13,"column":10}},"7":{"start":{"line":16,"column":4},"end":{"line":16,"column":23}},"8":{"start":{"line":17,"column":4},"end":{"line":17,"column":10}},"9":{"start":{"line":20,"column":4},"end":{"line":20,"column":24}},"10":{"start":{"line":21,"column":4},"end":{"line":21,"column":10}},"11":{"start":{"line":24,"column":4},"end":{"line":24,"column":52}},"12":{"start":{"line":27,"column":15},"end":{"line":30,"column":1}},"13":{"start":{"line":32,"column":0},"end":{"line":32,"column":34}}},"fnMap":{},"branchMap":{"0":{"loc":{"start":{"line":10,"column":0},"end":{"line":25,"column":1}},"type":"switch","locations":[{"start":{"line":11,"column":2},"end":{"line":13,"column":10}},{"start":{"line":15,"column":2},"end":{"line":17,"column":10}},{"start":{"line":19,"column":2},"end":{"line":21,"column":10}},{"start":{"line":23,"column":2},"end":{"line":24,"column":52}}],"line":10}},"s":{"0":1,"1":1,"2":1,"3":1,"4":1,"5":0,"6":0,"7":0,"8":0,"9":1,"10":1,"11":0,"12":1,"13":1},"f":{},"b":{"0":[0,0,1,0]},"_coverageSchema":"1a1c01bbd47fc00a2c39e90264f33305004495a9","hash":"4b982a192b347ea887c50db85bac27318a42aa84"}
,"/home/hassanelnajjar/code/dentoro/server/database/queries/index.js": {"path":"/home/hassanelnajjar/code/dentoro/server/database/queries/index.js","statementMap":{"0":{"start":{"line":1,"column":0},"end":{"line":1,"column":64}},"1":{"start":{"line":2,"column":0},"end":{"line":2,"column":95}},"2":{"start":{"line":3,"column":0},"end":{"line":3,"column":70}},"3":{"start":{"line":4,"column":0},"end":{"line":4,"column":84}},"4":{"start":{"line":5,"column":0},"end":{"line":5,"column":60}},"5":{"start":{"line":6,"column":0},"end":{"line":6,"column":74}},"6":{"start":{"line":7,"column":0},"end":{"line":7,"column":88}},"7":{"start":{"line":8,"column":0},"end":{"line":8,"column":62}},"8":{"start":{"line":9,"column":0},"end":{"line":9,"column":70}},"9":{"start":{"line":10,"column":0},"end":{"line":10,"column":68}},"10":{"start":{"line":11,"column":0},"end":{"line":11,"column":92}},"11":{"start":{"line":12,"column":0},"end":{"line":12,"column":88}},"12":{"start":{"line":13,"column":0},"end":{"line":13,"column":82}},"13":{"start":{"line":14,"column":0},"end":{"line":14,"column":84}},"14":{"start":{"line":15,"column":0},"end":{"line":15,"column":74}}},"fnMap":{},"branchMap":{},"s":{"0":1,"1":1,"2":1,"3":1,"4":1,"5":1,"6":1,"7":1,"8":1,"9":1,"10":1,"11":1,"12":1,"13":1,"14":1},"f":{},"b":{},"_coverageSchema":"1a1c01bbd47fc00a2c39e90264f33305004495a9","hash":"88237874116538e0368f8d808800c2bea97936b4"}
,"/home/hassanelnajjar/code/dentoro/server/database/queries/addAppointmentQuery/index.js": {"path":"/home/hassanelnajjar/code/dentoro/server/database/queries/addAppointmentQuery/index.js","statementMap":{"0":{"start":{"line":1,"column":19},"end":{"line":1,"column":53}},"1":{"start":{"line":3,"column":28},"end":{"line":15,"column":1}},"2":{"start":{"line":9,"column":14},"end":{"line":13,"column":3}},"3":{"start":{"line":14,"column":2},"end":{"line":14,"column":31}},"4":{"start":{"line":16,"column":0},"end":{"line":16,"column":37}}},"fnMap":{"0":{"name":"(anonymous_0)","decl":{"start":{"line":3,"column":28},"end":{"line":3,"column":29}},"loc":{"start":{"line":8,"column":6},"end":{"line":15,"column":1}},"line":8}},"branchMap":{},"s":{"0":1,"1":1,"2":3,"3":3,"4":1},"f":{"0":3},"b":{},"_coverageSchema":"1a1c01bbd47fc00a2c39e90264f33305004495a9","hash":"c80241fd48c6256c16921f0a9469b89287bd43df"}
,"/home/hassanelnajjar/code/dentoro/server/database/queries/addHistoryLogQuery/index.js": {"path":"/home/hassanelnajjar/code/dentoro/server/database/queries/addHistoryLogQuery/index.js","statementMap":{"0":{"start":{"line":1,"column":19},"end":{"line":1,"column":53}},"1":{"start":{"line":3,"column":27},"end":{"line":10,"column":1}},"2":{"start":{"line":4,"column":14},"end":{"line":8,"column":3}},"3":{"start":{"line":9,"column":2},"end":{"line":9,"column":31}},"4":{"start":{"line":12,"column":0},"end":{"line":12,"column":36}}},"fnMap":{"0":{"name":"(anonymous_0)","decl":{"start":{"line":3,"column":27},"end":{"line":3,"column":28}},"loc":{"start":{"line":3,"column":75},"end":{"line":10,"column":1}},"line":3}},"branchMap":{},"s":{"0":1,"1":1,"2":2,"3":2,"4":1},"f":{"0":2},"b":{},"_coverageSchema":"1a1c01bbd47fc00a2c39e90264f33305004495a9","hash":"50c518df49f565034681106e59b0cf0f27bc0719"}
,"/home/hassanelnajjar/code/dentoro/server/database/queries/addPatientQuery/index.js": {"path":"/home/hassanelnajjar/code/dentoro/server/database/queries/addPatientQuery/index.js","statementMap":{"0":{"start":{"line":1,"column":19},"end":{"line":1,"column":53}},"1":{"start":{"line":3,"column":24},"end":{"line":17,"column":1}},"2":{"start":{"line":11,"column":14},"end":{"line":15,"column":3}},"3":{"start":{"line":16,"column":2},"end":{"line":16,"column":31}},"4":{"start":{"line":18,"column":0},"end":{"line":18,"column":33}}},"fnMap":{"0":{"name":"(anonymous_0)","decl":{"start":{"line":3,"column":24},"end":{"line":3,"column":25}},"loc":{"start":{"line":10,"column":6},"end":{"line":17,"column":1}},"line":10}},"branchMap":{},"s":{"0":1,"1":1,"2":3,"3":3,"4":1},"f":{"0":3},"b":{},"_coverageSchema":"1a1c01bbd47fc00a2c39e90264f33305004495a9","hash":"a11e71666d2c4640fe683b1b41aaddfa582be10b"}
,"/home/hassanelnajjar/code/dentoro/server/database/queries/checkPatientExistence/index.js": {"path":"/home/hassanelnajjar/code/dentoro/server/database/queries/checkPatientExistence/index.js","statementMap":{"0":{"start":{"line":1,"column":19},"end":{"line":1,"column":53}},"1":{"start":{"line":3,"column":30},"end":{"line":9,"column":1}},"2":{"start":{"line":4,"column":14},"end":{"line":7,"column":3}},"3":{"start":{"line":8,"column":2},"end":{"line":8,"column":31}},"4":{"start":{"line":11,"column":0},"end":{"line":11,"column":39}}},"fnMap":{"0":{"name":"(anonymous_0)","decl":{"start":{"line":3,"column":30},"end":{"line":3,"column":31}},"loc":{"start":{"line":3,"column":45},"end":{"line":9,"column":1}},"line":3}},"branchMap":{},"s":{"0":1,"1":1,"2":3,"3":3,"4":1},"f":{"0":3},"b":{},"_coverageSchema":"1a1c01bbd47fc00a2c39e90264f33305004495a9","hash":"7d3fc8eabfdeb157c2792ee3cfb11cc857afdde7"}
,"/home/hassanelnajjar/code/dentoro/server/database/queries/deleteAppointmentsQueries/index.js": {"path":"/home/hassanelnajjar/code/dentoro/server/database/queries/deleteAppointmentsQueries/index.js","statementMap":{"0":{"start":{"line":1,"column":19},"end":{"line":1,"column":53}},"1":{"start":{"line":3,"column":34},"end":{"line":10,"column":1}},"2":{"start":{"line":4,"column":14},"end":{"line":8,"column":3}},"3":{"start":{"line":9,"column":2},"end":{"line":9,"column":31}},"4":{"start":{"line":12,"column":0},"end":{"line":12,"column":43}}},"fnMap":{"0":{"name":"(anonymous_0)","decl":{"start":{"line":3,"column":34},"end":{"line":3,"column":35}},"loc":{"start":{"line":3,"column":53},"end":{"line":10,"column":1}},"line":3}},"branchMap":{},"s":{"0":1,"1":1,"2":4,"3":4,"4":1},"f":{"0":4},"b":{},"_coverageSchema":"1a1c01bbd47fc00a2c39e90264f33305004495a9","hash":"70faffadd3059380fe5a2bc41ccb229d4daaf589"}
,"/home/hassanelnajjar/code/dentoro/server/database/queries/getAppointmentsByDateQuery/index.js": {"path":"/home/hassanelnajjar/code/dentoro/server/database/queries/getAppointmentsByDateQuery/index.js","statementMap":{"0":{"start":{"line":1,"column":19},"end":{"line":1,"column":53}},"1":{"start":{"line":3,"column":35},"end":{"line":10,"column":1}},"2":{"start":{"line":4,"column":14},"end":{"line":8,"column":3}},"3":{"start":{"line":9,"column":2},"end":{"line":9,"column":31}},"4":{"start":{"line":12,"column":0},"end":{"line":12,"column":44}}},"fnMap":{"0":{"name":"(anonymous_0)","decl":{"start":{"line":3,"column":35},"end":{"line":3,"column":36}},"loc":{"start":{"line":3,"column":45},"end":{"line":10,"column":1}},"line":3}},"branchMap":{},"s":{"0":1,"1":1,"2":2,"3":2,"4":1},"f":{"0":2},"b":{},"_coverageSchema":"1a1c01bbd47fc00a2c39e90264f33305004495a9","hash":"cc3013d114b4e7e72848ba0bd55ea537e1a95839"}
,"/home/hassanelnajjar/code/dentoro/server/database/queries/getAppointmentsByPatientName/index.js": {"path":"/home/hassanelnajjar/code/dentoro/server/database/queries/getAppointmentsByPatientName/index.js","statementMap":{"0":{"start":{"line":1,"column":19},"end":{"line":1,"column":53}},"1":{"start":{"line":3,"column":37},"end":{"line":10,"column":1}},"2":{"start":{"line":4,"column":14},"end":{"line":8,"column":3}},"3":{"start":{"line":9,"column":2},"end":{"line":9,"column":31}},"4":{"start":{"line":12,"column":0},"end":{"line":12,"column":46}}},"fnMap":{"0":{"name":"(anonymous_0)","decl":{"start":{"line":3,"column":37},"end":{"line":3,"column":38}},"loc":{"start":{"line":3,"column":73},"end":{"line":10,"column":1}},"line":3}},"branchMap":{},"s":{"0":1,"1":1,"2":3,"3":3,"4":1},"f":{"0":3},"b":{},"_coverageSchema":"1a1c01bbd47fc00a2c39e90264f33305004495a9","hash":"6be005807ae6e5708b5c67962c2173e77f072638"}
,"/home/hassanelnajjar/code/dentoro/server/database/queries/getAppointmentsStatusByIdQuery/index.js": {"path":"/home/hassanelnajjar/code/dentoro/server/database/queries/getAppointmentsStatusByIdQuery/index.js","statementMap":{"0":{"start":{"line":1,"column":19},"end":{"line":1,"column":53}},"1":{"start":{"line":3,"column":39},"end":{"line":9,"column":1}},"2":{"start":{"line":4,"column":14},"end":{"line":7,"column":3}},"3":{"start":{"line":8,"column":2},"end":{"line":8,"column":31}},"4":{"start":{"line":11,"column":0},"end":{"line":11,"column":48}}},"fnMap":{"0":{"name":"(anonymous_0)","decl":{"start":{"line":3,"column":39},"end":{"line":3,"column":40}},"loc":{"start":{"line":3,"column":62},"end":{"line":9,"column":1}},"line":3}},"branchMap":{},"s":{"0":1,"1":1,"2":9,"3":9,"4":1},"f":{"0":9},"b":{},"_coverageSchema":"1a1c01bbd47fc00a2c39e90264f33305004495a9","hash":"d2075ef486023d3eeeb72a7ccd05698ef8e6bbd3"}
,"/home/hassanelnajjar/code/dentoro/server/database/queries/getHistoryLogs/index.js": {"path":"/home/hassanelnajjar/code/dentoro/server/database/queries/getHistoryLogs/index.js","statementMap":{"0":{"start":{"line":1,"column":19},"end":{"line":1,"column":53}},"1":{"start":{"line":3,"column":23},"end":{"line":10,"column":1}},"2":{"start":{"line":4,"column":14},"end":{"line":8,"column":3}},"3":{"start":{"line":9,"column":2},"end":{"line":9,"column":31}},"4":{"start":{"line":12,"column":0},"end":{"line":12,"column":32}}},"fnMap":{"0":{"name":"(anonymous_0)","decl":{"start":{"line":3,"column":23},"end":{"line":3,"column":24}},"loc":{"start":{"line":3,"column":42},"end":{"line":10,"column":1}},"line":3}},"branchMap":{},"s":{"0":1,"1":1,"2":2,"3":2,"4":1},"f":{"0":2},"b":{},"_coverageSchema":"1a1c01bbd47fc00a2c39e90264f33305004495a9","hash":"76cabecf7a1c5dfe5c6f5d074556da5f2ab06415"}
,"/home/hassanelnajjar/code/dentoro/server/database/queries/getPatientByNameOrPhoneQuery/index.js": {"path":"/home/hassanelnajjar/code/dentoro/server/database/queries/getPatientByNameOrPhoneQuery/index.js","statementMap":{"0":{"start":{"line":1,"column":19},"end":{"line":1,"column":53}},"1":{"start":{"line":3,"column":37},"end":{"line":14,"column":1}},"2":{"start":{"line":8,"column":14},"end":{"line":12,"column":3}},"3":{"start":{"line":13,"column":2},"end":{"line":13,"column":31}},"4":{"start":{"line":16,"column":0},"end":{"line":16,"column":46}}},"fnMap":{"0":{"name":"(anonymous_0)","decl":{"start":{"line":3,"column":37},"end":{"line":3,"column":38}},"loc":{"start":{"line":7,"column":6},"end":{"line":14,"column":1}},"line":7}},"branchMap":{"0":{"loc":{"start":{"line":4,"column":2},"end":{"line":4,"column":16}},"type":"default-arg","locations":[{"start":{"line":4,"column":14},"end":{"line":4,"column":16}}],"line":4},"1":{"loc":{"start":{"line":5,"column":2},"end":{"line":5,"column":15}},"type":"default-arg","locations":[{"start":{"line":5,"column":13},"end":{"line":5,"column":15}}],"line":5},"2":{"loc":{"start":{"line":6,"column":2},"end":{"line":6,"column":12}},"type":"default-arg","locations":[{"start":{"line":6,"column":10},"end":{"line":6,"column":12}}],"line":6}},"s":{"0":1,"1":1,"2":6,"3":6,"4":1},"f":{"0":6},"b":{"0":[4],"1":[4],"2":[4]},"_coverageSchema":"1a1c01bbd47fc00a2c39e90264f33305004495a9","hash":"960ec4bc2e17e7a15f9ff724d1a86168ee2345e9"}
,"/home/hassanelnajjar/code/dentoro/server/database/queries/getPatientProfileData/index.js": {"path":"/home/hassanelnajjar/code/dentoro/server/database/queries/getPatientProfileData/index.js","statementMap":{"0":{"start":{"line":1,"column":19},"end":{"line":1,"column":53}},"1":{"start":{"line":3,"column":30},"end":{"line":9,"column":1}},"2":{"start":{"line":4,"column":14},"end":{"line":7,"column":3}},"3":{"start":{"line":8,"column":2},"end":{"line":8,"column":31}},"4":{"start":{"line":11,"column":0},"end":{"line":11,"column":39}}},"fnMap":{"0":{"name":"(anonymous_0)","decl":{"start":{"line":3,"column":30},"end":{"line":3,"column":31}},"loc":{"start":{"line":3,"column":49},"end":{"line":9,"column":1}},"line":3}},"branchMap":{},"s":{"0":1,"1":1,"2":3,"3":3,"4":1},"f":{"0":3},"b":{},"_coverageSchema":"1a1c01bbd47fc00a2c39e90264f33305004495a9","hash":"11b0c9f9278ef89e20e847a61541f7f9ea41cd1e"}
,"/home/hassanelnajjar/code/dentoro/server/database/queries/getPatientsQuery/index.js": {"path":"/home/hassanelnajjar/code/dentoro/server/database/queries/getPatientsQuery/index.js","statementMap":{"0":{"start":{"line":1,"column":19},"end":{"line":1,"column":53}},"1":{"start":{"line":3,"column":25},"end":{"line":8,"column":1}},"2":{"start":{"line":4,"column":14},"end":{"line":6,"column":3}},"3":{"start":{"line":7,"column":2},"end":{"line":7,"column":31}},"4":{"start":{"line":10,"column":0},"end":{"line":10,"column":34}}},"fnMap":{"0":{"name":"(anonymous_0)","decl":{"start":{"line":3,"column":25},"end":{"line":3,"column":26}},"loc":{"start":{"line":3,"column":31},"end":{"line":8,"column":1}},"line":3}},"branchMap":{},"s":{"0":1,"1":1,"2":1,"3":1,"4":1},"f":{"0":1},"b":{},"_coverageSchema":"1a1c01bbd47fc00a2c39e90264f33305004495a9","hash":"730bfb20bca8c3a83d28e49a16a717d2ecdfca39"}
,"/home/hassanelnajjar/code/dentoro/server/database/queries/getUnavailableTimes/index.js": {"path":"/home/hassanelnajjar/code/dentoro/server/database/queries/getUnavailableTimes/index.js","statementMap":{"0":{"start":{"line":1,"column":19},"end":{"line":1,"column":53}},"1":{"start":{"line":3,"column":28},"end":{"line":10,"column":1}},"2":{"start":{"line":4,"column":14},"end":{"line":8,"column":3}},"3":{"start":{"line":9,"column":2},"end":{"line":9,"column":31}},"4":{"start":{"line":12,"column":0},"end":{"line":12,"column":37}}},"fnMap":{"0":{"name":"(anonymous_0)","decl":{"start":{"line":3,"column":28},"end":{"line":3,"column":29}},"loc":{"start":{"line":3,"column":42},"end":{"line":10,"column":1}},"line":3}},"branchMap":{},"s":{"0":1,"1":1,"2":9,"3":9,"4":1},"f":{"0":9},"b":{},"_coverageSchema":"1a1c01bbd47fc00a2c39e90264f33305004495a9","hash":"39750de1a543a6e6c8dea15d2aeca2c92766323c"}
,"/home/hassanelnajjar/code/dentoro/server/database/queries/updateAppointmentStatusQuery/index.js": {"path":"/home/hassanelnajjar/code/dentoro/server/database/queries/updateAppointmentStatusQuery/index.js","statementMap":{"0":{"start":{"line":1,"column":19},"end":{"line":1,"column":53}},"1":{"start":{"line":3,"column":37},"end":{"line":10,"column":1}},"2":{"start":{"line":4,"column":14},"end":{"line":8,"column":3}},"3":{"start":{"line":9,"column":2},"end":{"line":9,"column":31}},"4":{"start":{"line":12,"column":0},"end":{"line":12,"column":46}}},"fnMap":{"0":{"name":"(anonymous_0)","decl":{"start":{"line":3,"column":37},"end":{"line":3,"column":38}},"loc":{"start":{"line":3,"column":60},"end":{"line":10,"column":1}},"line":3}},"branchMap":{},"s":{"0":1,"1":1,"2":3,"3":3,"4":1},"f":{"0":3},"b":{},"_coverageSchema":"1a1c01bbd47fc00a2c39e90264f33305004495a9","hash":"2ac4bb5c94f6ddc8eba41321b1ae942e3b9313c1"}
,"/home/hassanelnajjar/code/dentoro/server/database/queries/updateAppointmentTimeQuery/index.js": {"path":"/home/hassanelnajjar/code/dentoro/server/database/queries/updateAppointmentTimeQuery/index.js","statementMap":{"0":{"start":{"line":1,"column":19},"end":{"line":1,"column":53}},"1":{"start":{"line":3,"column":35},"end":{"line":14,"column":1}},"2":{"start":{"line":8,"column":14},"end":{"line":12,"column":3}},"3":{"start":{"line":13,"column":2},"end":{"line":13,"column":31}},"4":{"start":{"line":15,"column":0},"end":{"line":15,"column":44}}},"fnMap":{"0":{"name":"(anonymous_0)","decl":{"start":{"line":3,"column":35},"end":{"line":3,"column":36}},"loc":{"start":{"line":7,"column":6},"end":{"line":14,"column":1}},"line":7}},"branchMap":{},"s":{"0":1,"1":1,"2":2,"3":2,"4":1},"f":{"0":2},"b":{},"_coverageSchema":"1a1c01bbd47fc00a2c39e90264f33305004495a9","hash":"9ddc0f1fe8701c4e895ceb44cea00895d83d603e"}
,"/home/hassanelnajjar/code/dentoro/server/middlewares/index.js": {"path":"/home/hassanelnajjar/code/dentoro/server/middlewares/index.js","statementMap":{"0":{"start":{"line":1,"column":37},"end":{"line":1,"column":61}},"1":{"start":{"line":3,"column":0},"end":{"line":6,"column":2}}},"fnMap":{},"branchMap":{},"s":{"0":1,"1":1},"f":{},"b":{},"_coverageSchema":"1a1c01bbd47fc00a2c39e90264f33305004495a9","hash":"b967983473fc1d04eabaff7f1fecc9d3899411e9"}
,"/home/hassanelnajjar/code/dentoro/server/middlewares/errorHandle/index.js": {"path":"/home/hassanelnajjar/code/dentoro/server/middlewares/errorHandle/index.js","statementMap":{"0":{"start":{"line":1,"column":20},"end":{"line":1,"column":42}},"1":{"start":{"line":3,"column":20},"end":{"line":6,"column":1}},"2":{"start":{"line":4,"column":23},"end":{"line":4,"column":73}},"3":{"start":{"line":5,"column":2},"end":{"line":5,"column":37}},"4":{"start":{"line":9,"column":20},"end":{"line":14,"column":1}},"5":{"start":{"line":10,"column":23},"end":{"line":12,"column":67}},"6":{"start":{"line":13,"column":2},"end":{"line":13,"column":55}},"7":{"start":{"line":16,"column":0},"end":{"line":16,"column":46}}},"fnMap":{"0":{"name":"(anonymous_0)","decl":{"start":{"line":3,"column":20},"end":{"line":3,"column":21}},"loc":{"start":{"line":3,"column":34},"end":{"line":6,"column":1}},"line":3},"1":{"name":"(anonymous_1)","decl":{"start":{"line":9,"column":20},"end":{"line":9,"column":21}},"loc":{"start":{"line":9,"column":45},"end":{"line":14,"column":1}},"line":9}},"branchMap":{"0":{"loc":{"start":{"line":10,"column":23},"end":{"line":12,"column":67}},"type":"cond-expr","locations":[{"start":{"line":11,"column":6},"end":{"line":11,"column":9}},{"start":{"line":12,"column":6},"end":{"line":12,"column":67}}],"line":10},"1":{"loc":{"start":{"line":13,"column":13},"end":{"line":13,"column":34}},"type":"binary-expr","locations":[{"start":{"line":13,"column":13},"end":{"line":13,"column":27}},{"start":{"line":13,"column":31},"end":{"line":13,"column":34}}],"line":13}},"s":{"0":1,"1":1,"2":0,"3":0,"4":1,"5":24,"6":24,"7":1},"f":{"0":0,"1":24},"b":{"0":[24,0],"1":[24,0]},"_coverageSchema":"1a1c01bbd47fc00a2c39e90264f33305004495a9","hash":"fd69a6fc31f8e41deebb1f8824b9e879be2da579"}
,"/home/hassanelnajjar/code/dentoro/server/routes/index.js": {"path":"/home/hassanelnajjar/code/dentoro/server/routes/index.js","statementMap":{"0":{"start":{"line":1,"column":15},"end":{"line":1,"column":42}},"1":{"start":{"line":2,"column":27},"end":{"line":2,"column":52}},"2":{"start":{"line":3,"column":23},"end":{"line":3,"column":44}},"3":{"start":{"line":4,"column":20},"end":{"line":4,"column":38}},"4":{"start":{"line":6,"column":0},"end":{"line":6,"column":34}},"5":{"start":{"line":7,"column":0},"end":{"line":7,"column":40}},"6":{"start":{"line":8,"column":0},"end":{"line":8,"column":48}},"7":{"start":{"line":10,"column":0},"end":{"line":10,"column":24}}},"fnMap":{},"branchMap":{},"s":{"0":1,"1":1,"2":1,"3":1,"4":1,"5":1,"6":1,"7":1},"f":{},"b":{},"_coverageSchema":"1a1c01bbd47fc00a2c39e90264f33305004495a9","hash":"dd543cce0d2a6935a6438d9e81e2e8b5365d754d"}
,"/home/hassanelnajjar/code/dentoro/server/routes/appointments/index.js": {"path":"/home/hassanelnajjar/code/dentoro/server/routes/appointments/index.js","statementMap":{"0":{"start":{"line":1,"column":15},"end":{"line":1,"column":42}},"1":{"start":{"line":10,"column":4},"end":{"line":10,"column":32}},"2":{"start":{"line":12,"column":0},"end":{"line":12,"column":42}},"3":{"start":{"line":13,"column":0},"end":{"line":13,"column":55}},"4":{"start":{"line":14,"column":0},"end":{"line":14,"column":57}},"5":{"start":{"line":15,"column":0},"end":{"line":15,"column":33}},"6":{"start":{"line":16,"column":0},"end":{"line":16,"column":53}},"7":{"start":{"line":17,"column":0},"end":{"line":17,"column":17}},"8":{"start":{"line":18,"column":0},"end":{"line":18,"column":58}},"9":{"start":{"line":19,"column":0},"end":{"line":19,"column":62}},"10":{"start":{"line":21,"column":0},"end":{"line":21,"column":24}}},"fnMap":{},"branchMap":{},"s":{"0":1,"1":1,"2":1,"3":1,"4":1,"5":1,"6":1,"7":1,"8":1,"9":1,"10":1},"f":{},"b":{},"_coverageSchema":"1a1c01bbd47fc00a2c39e90264f33305004495a9","hash":"02aba9de6af44f99f217a837161ad6405aa9b990"}
,"/home/hassanelnajjar/code/dentoro/server/routes/patients/index.js": {"path":"/home/hassanelnajjar/code/dentoro/server/routes/patients/index.js","statementMap":{"0":{"start":{"line":1,"column":15},"end":{"line":1,"column":42}},"1":{"start":{"line":7,"column":4},"end":{"line":7,"column":32}},"2":{"start":{"line":9,"column":0},"end":{"line":9,"column":29}},"3":{"start":{"line":10,"column":0},"end":{"line":10,"column":47}},"4":{"start":{"line":11,"column":0},"end":{"line":11,"column":59}},"5":{"start":{"line":12,"column":0},"end":{"line":12,"column":50}},"6":{"start":{"line":13,"column":0},"end":{"line":13,"column":35}},"7":{"start":{"line":15,"column":0},"end":{"line":15,"column":24}}},"fnMap":{},"branchMap":{},"s":{"0":1,"1":1,"2":1,"3":1,"4":1,"5":1,"6":1,"7":1},"f":{},"b":{},"_coverageSchema":"1a1c01bbd47fc00a2c39e90264f33305004495a9","hash":"b266c0652ee5e565137a757a13a5a0cfb4dd0a87"}
,"/home/hassanelnajjar/code/dentoro/server/routes/users/index.js": {"path":"/home/hassanelnajjar/code/dentoro/server/routes/users/index.js","statementMap":{"0":{"start":{"line":1,"column":15},"end":{"line":1,"column":42}},"1":{"start":{"line":2,"column":0},"end":{"line":2,"column":29}},"2":{"start":{"line":4,"column":0},"end":{"line":4,"column":22}},"3":{"start":{"line":5,"column":0},"end":{"line":5,"column":22}},"4":{"start":{"line":6,"column":0},"end":{"line":6,"column":23}},"5":{"start":{"line":8,"column":0},"end":{"line":8,"column":24}}},"fnMap":{},"branchMap":{},"s":{"0":1,"1":1,"2":1,"3":1,"4":1,"5":1},"f":{},"b":{},"_coverageSchema":"1a1c01bbd47fc00a2c39e90264f33305004495a9","hash":"858348642d33f7f8acd1da50de8bf8b79874338b"}
,"/home/hassanelnajjar/code/dentoro/server/utils/availableTimes.js": {"path":"/home/hassanelnajjar/code/dentoro/server/utils/availableTimes.js","statementMap":{"0":{"start":{"line":1,"column":28},"end":{"line":17,"column":1}},"1":{"start":{"line":2,"column":23},"end":{"line":2,"column":24}},"2":{"start":{"line":3,"column":23},"end":{"line":3,"column":25}},"3":{"start":{"line":4,"column":16},"end":{"line":15,"column":3}},"4":{"start":{"line":6,"column":21},"end":{"line":6,"column":30}},"5":{"start":{"line":7,"column":6},"end":{"line":12,"column":7}},"6":{"start":{"line":8,"column":8},"end":{"line":10,"column":9}},"7":{"start":{"line":9,"column":10},"end":{"line":9,"column":36}},"8":{"start":{"line":11,"column":8},"end":{"line":11,"column":40}},"9":{"start":{"line":13,"column":6},"end":{"line":13,"column":19}},"10":{"start":{"line":16,"column":2},"end":{"line":16,"column":26}},"11":{"start":{"line":19,"column":0},"end":{"line":19,"column":37}}},"fnMap":{"0":{"name":"(anonymous_0)","decl":{"start":{"line":1,"column":28},"end":{"line":1,"column":29}},"loc":{"start":{"line":1,"column":39},"end":{"line":17,"column":1}},"line":1},"1":{"name":"(anonymous_1)","decl":{"start":{"line":5,"column":33},"end":{"line":5,"column":34}},"loc":{"start":{"line":5,"column":57},"end":{"line":14,"column":5}},"line":5}},"branchMap":{"0":{"loc":{"start":{"line":7,"column":6},"end":{"line":12,"column":7}},"type":"if","locations":[{"start":{"line":7,"column":6},"end":{"line":12,"column":7}},{"start":{"line":7,"column":6},"end":{"line":12,"column":7}}],"line":7},"1":{"loc":{"start":{"line":7,"column":10},"end":{"line":7,"column":62}},"type":"binary-expr","locations":[{"start":{"line":7,"column":10},"end":{"line":7,"column":34}},{"start":{"line":7,"column":38},"end":{"line":7,"column":62}}],"line":7},"2":{"loc":{"start":{"line":8,"column":8},"end":{"line":10,"column":9}},"type":"if","locations":[{"start":{"line":8,"column":8},"end":{"line":10,"column":9}},{"start":{"line":8,"column":8},"end":{"line":10,"column":9}}],"line":8}},"s":{"0":1,"1":9,"2":9,"3":9,"4":216,"5":216,"6":99,"7":18,"8":99,"9":216,"10":9,"11":1},"f":{"0":9,"1":216},"b":{"0":[99,117],"1":[216,153],"2":[18,81]},"_coverageSchema":"1a1c01bbd47fc00a2c39e90264f33305004495a9","hash":"0ad7d55b401528552f76f383459026b350757d5e"}
,"/home/hassanelnajjar/code/dentoro/server/utils/boomify.js": {"path":"/home/hassanelnajjar/code/dentoro/server/utils/boomify.js","statementMap":{"0":{"start":{"line":1,"column":16},"end":{"line":5,"column":2}},"1":{"start":{"line":1,"column":49},"end":{"line":5,"column":1}},"2":{"start":{"line":7,"column":0},"end":{"line":7,"column":25}}},"fnMap":{"0":{"name":"(anonymous_0)","decl":{"start":{"line":1,"column":16},"end":{"line":1,"column":17}},"loc":{"start":{"line":1,"column":49},"end":{"line":5,"column":1}},"line":1}},"branchMap":{},"s":{"0":1,"1":24,"2":1},"f":{"0":24},"b":{},"_coverageSchema":"1a1c01bbd47fc00a2c39e90264f33305004495a9","hash":"12c89b5bfff7cdcf8a8314222c3349a616187c9a"}
,"/home/hassanelnajjar/code/dentoro/server/utils/index.js": {"path":"/home/hassanelnajjar/code/dentoro/server/utils/index.js","statementMap":{"0":{"start":{"line":1,"column":20},"end":{"line":1,"column":43}},"1":{"start":{"line":2,"column":16},"end":{"line":2,"column":36}},"2":{"start":{"line":3,"column":28},"end":{"line":3,"column":55}},"3":{"start":{"line":5,"column":0},"end":{"line":5,"column":66}}},"fnMap":{},"branchMap":{},"s":{"0":1,"1":1,"2":1,"3":1},"f":{},"b":{},"_coverageSchema":"1a1c01bbd47fc00a2c39e90264f33305004495a9","hash":"c567fb067b337e7d5f1dcbfd5c10d67fb8acb040"}
,"/home/hassanelnajjar/code/dentoro/server/utils/validation/index.js": {"path":"/home/hassanelnajjar/code/dentoro/server/utils/validation/index.js","statementMap":{"0":{"start":{"line":1,"column":0},"end":{"line":1,"column":80}},"1":{"start":{"line":2,"column":0},"end":{"line":2,"column":78}},"2":{"start":{"line":3,"column":0},"end":{"line":3,"column":114}},"3":{"start":{"line":4,"column":0},"end":{"line":4,"column":66}},"4":{"start":{"line":5,"column":0},"end":{"line":5,"column":82}},"5":{"start":{"line":6,"column":0},"end":{"line":6,"column":68}},"6":{"start":{"line":7,"column":0},"end":{"line":7,"column":78}},"7":{"start":{"line":8,"column":0},"end":{"line":8,"column":90}}},"fnMap":{},"branchMap":{},"s":{"0":1,"1":1,"2":1,"3":1,"4":1,"5":1,"6":1,"7":1},"f":{},"b":{},"_coverageSchema":"1a1c01bbd47fc00a2c39e90264f33305004495a9","hash":"cd1c6e43fe3e4daa21a771687ec84aaf1961042a"}
,"/home/hassanelnajjar/code/dentoro/server/utils/validation/appointmentDataValidation/index.js": {"path":"/home/hassanelnajjar/code/dentoro/server/utils/validation/appointmentDataValidation/index.js","statementMap":{"0":{"start":{"line":1,"column":27},"end":{"line":1,"column":41}},"1":{"start":{"line":2,"column":26},"end":{"line":2,"column":45}},"2":{"start":{"line":4,"column":34},"end":{"line":28,"column":2}},"3":{"start":{"line":13,"column":6},"end":{"line":13,"column":66}},"4":{"start":{"line":18,"column":6},"end":{"line":18,"column":62}},"5":{"start":{"line":25,"column":6},"end":{"line":25,"column":66}},"6":{"start":{"line":30,"column":0},"end":{"line":30,"column":43}}},"fnMap":{"0":{"name":"(anonymous_0)","decl":{"start":{"line":12,"column":15},"end":{"line":12,"column":16}},"loc":{"start":{"line":13,"column":6},"end":{"line":13,"column":66}},"line":13},"1":{"name":"(anonymous_1)","decl":{"start":{"line":17,"column":15},"end":{"line":17,"column":16}},"loc":{"start":{"line":18,"column":6},"end":{"line":18,"column":62}},"line":18},"2":{"name":"(anonymous_2)","decl":{"start":{"line":24,"column":15},"end":{"line":24,"column":16}},"loc":{"start":{"line":25,"column":6},"end":{"line":25,"column":66}},"line":25}},"branchMap":{},"s":{"0":1,"1":1,"2":1,"3":5,"4":6,"5":6,"6":1},"f":{"0":5,"1":6,"2":6},"b":{},"_coverageSchema":"1a1c01bbd47fc00a2c39e90264f33305004495a9","hash":"13e8af7a8cd1af1548e111216597f4cfd3101ae1"}
,"/home/hassanelnajjar/code/dentoro/server/utils/validation/appointmentDateTimeValidation/index.js": {"path":"/home/hassanelnajjar/code/dentoro/server/utils/validation/appointmentDateTimeValidation/index.js","statementMap":{"0":{"start":{"line":1,"column":27},"end":{"line":1,"column":41}},"1":{"start":{"line":2,"column":26},"end":{"line":2,"column":45}},"2":{"start":{"line":4,"column":38},"end":{"line":17,"column":2}},"3":{"start":{"line":8,"column":6},"end":{"line":8,"column":62}},"4":{"start":{"line":14,"column":6},"end":{"line":14,"column":66}},"5":{"start":{"line":19,"column":0},"end":{"line":19,"column":47}}},"fnMap":{"0":{"name":"(anonymous_0)","decl":{"start":{"line":7,"column":15},"end":{"line":7,"column":16}},"loc":{"start":{"line":8,"column":6},"end":{"line":8,"column":62}},"line":8},"1":{"name":"(anonymous_1)","decl":{"start":{"line":13,"column":15},"end":{"line":13,"column":16}},"loc":{"start":{"line":14,"column":6},"end":{"line":14,"column":66}},"line":14}},"branchMap":{},"s":{"0":1,"1":1,"2":1,"3":6,"4":7,"5":1},"f":{"0":6,"1":7},"b":{},"_coverageSchema":"1a1c01bbd47fc00a2c39e90264f33305004495a9","hash":"6c83a51138993ee2b6dbcd6abcca3fb0ee485e68"}
,"/home/hassanelnajjar/code/dentoro/server/utils/validation/appointmentDateValidation/index.js": {"path":"/home/hassanelnajjar/code/dentoro/server/utils/validation/appointmentDateValidation/index.js","statementMap":{"0":{"start":{"line":1,"column":27},"end":{"line":1,"column":41}},"1":{"start":{"line":2,"column":26},"end":{"line":2,"column":45}},"2":{"start":{"line":4,"column":40},"end":{"line":8,"column":2}},"3":{"start":{"line":6,"column":4},"end":{"line":6,"column":64}},"4":{"start":{"line":9,"column":0},"end":{"line":9,"column":81}}},"fnMap":{"0":{"name":"(anonymous_0)","decl":{"start":{"line":5,"column":38},"end":{"line":5,"column":39}},"loc":{"start":{"line":6,"column":4},"end":{"line":6,"column":64}},"line":6}},"branchMap":{},"s":{"0":1,"1":1,"2":1,"3":4,"4":1},"f":{"0":4},"b":{},"_coverageSchema":"1a1c01bbd47fc00a2c39e90264f33305004495a9","hash":"6add4af11393def48f3139e65e30f3bf1891be4e"}
,"/home/hassanelnajjar/code/dentoro/server/utils/validation/appointmentIdValidation/index.js": {"path":"/home/hassanelnajjar/code/dentoro/server/utils/validation/appointmentIdValidation/index.js","statementMap":{"0":{"start":{"line":1,"column":27},"end":{"line":1,"column":41}},"1":{"start":{"line":3,"column":32},"end":{"line":5,"column":2}},"2":{"start":{"line":7,"column":0},"end":{"line":7,"column":41}}},"fnMap":{},"branchMap":{},"s":{"0":1,"1":1,"2":1},"f":{},"b":{},"_coverageSchema":"1a1c01bbd47fc00a2c39e90264f33305004495a9","hash":"e6033c772cec4799dce03114255b65018ce65699"}
,"/home/hassanelnajjar/code/dentoro/server/utils/validation/appointmentsSearchSchema/index.js": {"path":"/home/hassanelnajjar/code/dentoro/server/utils/validation/appointmentsSearchSchema/index.js","statementMap":{"0":{"start":{"line":1,"column":27},"end":{"line":1,"column":41}},"1":{"start":{"line":3,"column":33},"end":{"line":7,"column":2}},"2":{"start":{"line":9,"column":0},"end":{"line":9,"column":42}}},"fnMap":{},"branchMap":{},"s":{"0":1,"1":1,"2":1},"f":{},"b":{},"_coverageSchema":"1a1c01bbd47fc00a2c39e90264f33305004495a9","hash":"07477dd532171d459e118bc69770ed2639ea6c0e"}
,"/home/hassanelnajjar/code/dentoro/server/utils/validation/historyLogValidation/index.js": {"path":"/home/hassanelnajjar/code/dentoro/server/utils/validation/historyLogValidation/index.js","statementMap":{"0":{"start":{"line":1,"column":35},"end":{"line":1,"column":49}},"1":{"start":{"line":3,"column":25},"end":{"line":8,"column":2}},"2":{"start":{"line":10,"column":0},"end":{"line":10,"column":34}}},"fnMap":{},"branchMap":{},"s":{"0":1,"1":1,"2":1},"f":{},"b":{},"_coverageSchema":"1a1c01bbd47fc00a2c39e90264f33305004495a9","hash":"5bad0f904dd64cee1639429a0561d94aa53eff5f"}
,"/home/hassanelnajjar/code/dentoro/server/utils/validation/patientIdValidation/index.js": {"path":"/home/hassanelnajjar/code/dentoro/server/utils/validation/patientIdValidation/index.js","statementMap":{"0":{"start":{"line":1,"column":27},"end":{"line":1,"column":41}},"1":{"start":{"line":3,"column":24},"end":{"line":5,"column":2}},"2":{"start":{"line":7,"column":0},"end":{"line":7,"column":33}}},"fnMap":{},"branchMap":{},"s":{"0":1,"1":1,"2":1},"f":{},"b":{},"_coverageSchema":"1a1c01bbd47fc00a2c39e90264f33305004495a9","hash":"80d67e0f948280205f201376efc991433a2ebd95"}
,"/home/hassanelnajjar/code/dentoro/server/utils/validation/patientSearchValidation/index.js": {"path":"/home/hassanelnajjar/code/dentoro/server/utils/validation/patientSearchValidation/index.js","statementMap":{"0":{"start":{"line":1,"column":27},"end":{"line":1,"column":41}},"1":{"start":{"line":3,"column":32},"end":{"line":13,"column":2}},"2":{"start":{"line":15,"column":0},"end":{"line":15,"column":41}}},"fnMap":{},"branchMap":{},"s":{"0":1,"1":1,"2":1},"f":{},"b":{},"_coverageSchema":"1a1c01bbd47fc00a2c39e90264f33305004495a9","hash":"dfec5a233a19926f2f188a107c795c6905a36853"}
}
