TN:
SF:server/app.js
FN:29,(anonymous_0)
FN:35,(anonymous_1)
FNF:2
FNH:0
FNDA:0,(anonymous_0)
FNDA:0,(anonymous_1)
DA:1,1
DA:3,1
DA:4,1
DA:5,1
DA:6,1
DA:7,1
DA:11,1
DA:13,1
DA:15,1
DA:17,1
DA:18,1
DA:19,1
DA:25,1
DA:26,1
DA:28,1
DA:29,0
DA:30,0
DA:33,1
DA:34,0
DA:35,0
DA:36,0
DA:40,1
DA:41,1
DA:43,1
LF:24
LH:19
BRDA:17,0,0,1
BRDA:17,0,1,1
BRDA:28,1,0,0
BRDA:28,1,1,1
BRDA:33,2,0,0
BRDA:33,2,1,1
BRF:6
BRH:4
end_of_record
TN:
SF:server/controllers/index.js
FNF:0
FNH:0
DA:1,1
DA:2,1
DA:3,1
DA:5,1
LF:4
LH:4
BRF:0
BRH:0
end_of_record
TN:
SF:server/controllers/appointments/appointmentsSearch.js
FN:6,(anonymous_0)
FNF:1
FNH:1
FNDA:3,(anonymous_0)
DA:3,1
DA:4,1
DA:6,1
DA:7,3
DA:12,3
DA:16,3
DA:17,2
DA:22,2
DA:27,1
DA:32,0
DA:40,1
LF:11
LH:10
BRDA:16,0,0,2
BRDA:16,0,1,1
BRDA:16,1,0,3
BRDA:16,1,1,2
BRDA:16,1,2,2
BRDA:33,2,0,0
BRDA:33,2,1,0
BRF:7
BRH:5
end_of_record
TN:
SF:server/controllers/appointments/deleteAppointments.js
FN:4,(anonymous_0)
FNF:1
FNH:1
FNDA:3,(anonymous_0)
DA:1,1
DA:2,1
DA:4,1
DA:5,3
DA:6,3
DA:12,2
DA:13,2
DA:14,1
DA:23,1
DA:24,1
DA:29,1
DA:37,1
LF:12
LH:12
BRDA:13,0,0,1
BRDA:13,0,1,1
BRDA:30,1,0,1
BRDA:30,1,1,0
BRF:4
BRH:3
end_of_record
TN:
SF:server/controllers/appointments/getAppointmentsByDate.js
FN:4,(anonymous_0)
FNF:1
FNH:1
FNDA:3,(anonymous_0)
DA:1,1
DA:2,1
DA:4,1
DA:5,3
DA:6,3
DA:9,1
DA:10,1
DA:12,2
DA:20,1
LF:9
LH:9
BRDA:13,0,0,2
BRDA:13,0,1,0
BRF:2
BRH:1
end_of_record
TN:
SF:server/controllers/appointments/index.js
FNF:0
FNH:0
DA:1,1
DA:3,1
DA:4,1
DA:5,1
DA:6,1
DA:7,1
DA:8,1
DA:9,1
DA:10,1
LF:9
LH:9
BRF:0
BRH:0
end_of_record
TN:
SF:server/controllers/appointments/addAppointment/index.js
FN:13,(anonymous_0)
FN:42,(anonymous_1)
FNF:2
FNH:2
FNDA:6,(anonymous_0)
FNDA:3,(anonymous_1)
DA:6,1
DA:11,1
DA:13,1
DA:14,6
DA:25,6
DA:28,4
DA:29,1
DA:38,3
DA:41,3
DA:42,3
DA:44,3
DA:45,1
DA:58,2
DA:61,2
DA:64,1
DA:72,1
DA:74,1
DA:76,2
DA:82,2
DA:84,2
DA:85,1
DA:87,1
DA:88,1
DA:90,0
DA:94,1
LF:25
LH:24
BRDA:28,0,0,1
BRDA:28,0,1,3
BRDA:44,1,0,1
BRDA:44,1,1,2
BRDA:61,2,0,1
BRDA:61,2,1,1
BRDA:84,3,0,1
BRDA:84,3,1,1
BRDA:87,4,0,1
BRDA:87,4,1,0
BRF:10
BRH:9
end_of_record
TN:
SF:server/controllers/appointments/editAppointmentStatus/index.js
FN:8,(anonymous_0)
FNF:1
FNH:1
FNDA:4,(anonymous_0)
DA:1,1
DA:6,1
DA:8,1
DA:9,4
DA:10,4
DA:17,3
DA:21,3
DA:22,1
DA:26,2
DA:28,2
DA:29,1
DA:33,1
DA:36,1
DA:41,1
DA:42,1
DA:44,0
DA:48,1
LF:17
LH:16
BRDA:21,0,0,1
BRDA:21,0,1,2
BRDA:28,1,0,1
BRDA:28,1,1,1
BRDA:41,2,0,1
BRDA:41,2,1,0
BRF:6
BRH:5
end_of_record
TN:
SF:server/controllers/appointments/editAppointmentTime/index.js
FN:14,(anonymous_0)
FN:37,(anonymous_1)
FNF:2
FNH:2
FNDA:8,(anonymous_0)
FNDA:1,(anonymous_1)
DA:6,1
DA:12,1
DA:14,1
DA:15,8
DA:16,8
DA:22,7
DA:24,5
DA:25,1
DA:33,4
DA:36,4
DA:37,1
DA:39,4
DA:40,1
DA:51,3
DA:55,3
DA:56,1
DA:60,2
DA:62,2
DA:63,1
DA:67,1
DA:72,1
DA:77,3
DA:78,2
DA:80,1
DA:81,1
DA:83,0
DA:87,1
LF:27
LH:26
BRDA:24,0,0,1
BRDA:24,0,1,4
BRDA:39,1,0,1
BRDA:39,1,1,3
BRDA:55,2,0,1
BRDA:55,2,1,2
BRDA:62,3,0,1
BRDA:62,3,1,1
BRDA:77,4,0,2
BRDA:77,4,1,1
BRDA:80,5,0,1
BRDA:80,5,1,0
BRF:12
BRH:11
end_of_record
TN:
SF:server/controllers/appointments/getAvailableAppointments/index.js
FN:4,(anonymous_0)
FN:33,(anonymous_1)
FNF:2
FNH:2
FNDA:1,(anonymous_0)
FNDA:5,(anonymous_1)
DA:1,1
DA:2,1
DA:4,1
DA:5,1
DA:6,1
DA:8,1
DA:12,1
DA:13,0
DA:16,1
DA:29,1
DA:31,1
DA:33,1
DA:34,5
DA:35,5
DA:36,5
DA:40,1
DA:46,0
DA:50,1
LF:18
LH:16
BRDA:12,0,0,0
BRDA:12,0,1,1
BRDA:35,1,0,5
BRDA:35,1,1,0
BRF:4
BRH:2
end_of_record
TN:
SF:server/controllers/patients/getAllPatientData.js
FN:8,(anonymous_0)
FN:29,(anonymous_1)
FNF:2
FNH:2
FNDA:2,(anonymous_0)
FNDA:1,(anonymous_1)
DA:1,1
DA:6,1
DA:8,1
DA:9,2
DA:10,2
DA:12,2
DA:15,2
DA:16,1
DA:20,1
DA:21,1
DA:22,0
DA:27,1
DA:28,1
DA:29,1
DA:32,1
DA:42,0
DA:46,1
LF:17
LH:15
BRDA:15,0,0,1
BRDA:15,0,1,1
BRDA:21,1,0,0
BRDA:21,1,1,1
BRF:4
BRH:3
end_of_record
TN:
SF:server/controllers/patients/getPatients.js
FN:3,(anonymous_0)
FNF:1
FNH:0
FNDA:0,(anonymous_0)
DA:1,1
DA:3,1
DA:4,0
DA:5,0
DA:6,0
DA:8,0
DA:12,1
LF:7
LH:3
BRF:0
BRH:0
end_of_record
TN:
SF:server/controllers/patients/index.js
FNF:0
FNH:0
DA:1,1
DA:2,1
DA:3,1
DA:4,1
LF:4
LH:4
BRF:0
BRH:0
end_of_record
TN:
SF:server/controllers/patients/addHistoryLog/index.js
FN:8,(anonymous_0)
FNF:1
FNH:1
FNDA:2,(anonymous_0)
DA:1,1
DA:6,1
DA:8,1
DA:9,2
DA:13,2
DA:15,2
DA:28,1
DA:30,1
DA:31,0
DA:40,1
DA:47,1
DA:53,1
DA:54,1
DA:56,0
DA:60,1
LF:15
LH:13
BRDA:30,0,0,0
BRDA:30,0,1,1
BRDA:53,1,0,1
BRDA:53,1,1,0
BRF:4
BRH:2
end_of_record
TN:
SF:server/controllers/patients/getPatientByNameOrPhone/index.js
FN:5,(anonymous_0)
FNF:1
FNH:1
FNDA:6,(anonymous_0)
DA:1,1
DA:3,1
DA:5,1
DA:6,6
DA:9,6
DA:11,6
DA:17,6
DA:18,3
DA:25,3
DA:31,3
DA:37,0
DA:40,1
LF:12
LH:11
BRDA:17,0,0,3
BRDA:17,0,1,3
BRF:2
BRH:2
end_of_record
TN:
SF:server/controllers/users/index.js
FNF:0
FNH:0
DA:1,1
LF:1
LH:1
BRF:0
BRH:0
end_of_record
TN:
SF:server/database/config/build.js
FN:5,(anonymous_0)
FNF:1
FNH:1
FNDA:56,(anonymous_0)
DA:1,1
DA:2,1
DA:3,1
DA:5,1
DA:6,56
DA:7,56
DA:8,56
DA:11,1
LF:8
LH:8
BRF:0
BRH:0
end_of_record
TN:
SF:server/database/config/connection.js
FNF:0
FNH:0
DA:1,1
DA:3,1
DA:5,1
DA:8,1
DA:10,1
DA:12,0
DA:13,0
DA:16,0
DA:17,0
DA:20,1
DA:21,1
DA:24,0
DA:27,1
DA:32,1
LF:14
LH:9
BRDA:10,0,0,0
BRDA:10,0,1,0
BRDA:10,0,2,1
BRDA:10,0,3,0
BRF:4
BRH:1
end_of_record
TN:
SF:server/database/queries/index.js
FNF:0
FNH:0
DA:1,1
DA:2,1
DA:3,1
DA:4,1
DA:5,1
DA:6,1
DA:7,1
DA:8,1
DA:9,1
DA:10,1
DA:11,1
DA:12,1
DA:13,1
DA:14,1
DA:15,1
LF:15
LH:15
BRF:0
BRH:0
end_of_record
TN:
SF:server/database/queries/addAppointmentQuery/index.js
FN:3,(anonymous_0)
FNF:1
FNH:1
FNDA:3,(anonymous_0)
DA:1,1
DA:3,1
DA:9,3
DA:14,3
DA:16,1
LF:5
LH:5
BRF:0
BRH:0
end_of_record
TN:
SF:server/database/queries/addHistoryLogQuery/index.js
FN:3,(anonymous_0)
FNF:1
FNH:1
FNDA:2,(anonymous_0)
DA:1,1
DA:3,1
DA:4,2
DA:9,2
DA:12,1
LF:5
LH:5
BRF:0
BRH:0
end_of_record
TN:
SF:server/database/queries/addPatientQuery/index.js
FN:3,(anonymous_0)
FNF:1
FNH:1
FNDA:3,(anonymous_0)
DA:1,1
DA:3,1
DA:11,3
DA:16,3
DA:18,1
LF:5
LH:5
BRF:0
BRH:0
end_of_record
TN:
SF:server/database/queries/checkPatientExistence/index.js
FN:3,(anonymous_0)
FNF:1
FNH:1
FNDA:3,(anonymous_0)
DA:1,1
DA:3,1
DA:4,3
DA:8,3
DA:11,1
LF:5
LH:5
BRF:0
BRH:0
end_of_record
TN:
SF:server/database/queries/deleteAppointmentsQueries/index.js
FN:3,(anonymous_0)
FNF:1
FNH:1
FNDA:4,(anonymous_0)
DA:1,1
DA:3,1
DA:4,4
DA:9,4
DA:12,1
LF:5
LH:5
BRF:0
BRH:0
end_of_record
TN:
SF:server/database/queries/getAppointmentsByDateQuery/index.js
FN:3,(anonymous_0)
FNF:1
FNH:1
FNDA:2,(anonymous_0)
DA:1,1
DA:3,1
DA:4,2
DA:9,2
DA:12,1
LF:5
LH:5
BRF:0
BRH:0
end_of_record
TN:
SF:server/database/queries/getAppointmentsByPatientName/index.js
FN:3,(anonymous_0)
FNF:1
FNH:1
FNDA:3,(anonymous_0)
DA:1,1
DA:3,1
DA:4,3
DA:9,3
DA:12,1
LF:5
LH:5
BRF:0
BRH:0
end_of_record
TN:
SF:server/database/queries/getAppointmentsStatusByIdQuery/index.js
FN:3,(anonymous_0)
FNF:1
FNH:1
FNDA:9,(anonymous_0)
DA:1,1
DA:3,1
DA:4,9
DA:8,9
DA:11,1
LF:5
LH:5
BRF:0
BRH:0
end_of_record
TN:
SF:server/database/queries/getHistoryLogs/index.js
FN:3,(anonymous_0)
FNF:1
FNH:1
FNDA:2,(anonymous_0)
DA:1,1
DA:3,1
DA:4,2
DA:9,2
DA:12,1
LF:5
LH:5
BRF:0
BRH:0
end_of_record
TN:
SF:server/database/queries/getPatientByNameOrPhoneQuery/index.js
FN:3,(anonymous_0)
FNF:1
FNH:1
FNDA:6,(anonymous_0)
DA:1,1
DA:3,1
DA:8,6
DA:13,6
DA:16,1
LF:5
LH:5
BRDA:4,0,0,4
BRDA:5,1,0,4
BRDA:6,2,0,4
BRF:3
BRH:3
end_of_record
TN:
SF:server/database/queries/getPatientProfileData/index.js
FN:3,(anonymous_0)
FNF:1
FNH:1
FNDA:3,(anonymous_0)
DA:1,1
DA:3,1
DA:4,3
DA:8,3
DA:11,1
LF:5
LH:5
BRF:0
BRH:0
end_of_record
TN:
SF:server/database/queries/getPatientsQuery/index.js
FN:3,(anonymous_0)
FNF:1
FNH:1
FNDA:1,(anonymous_0)
DA:1,1
DA:3,1
DA:4,1
DA:7,1
DA:10,1
LF:5
LH:5
BRF:0
BRH:0
end_of_record
TN:
SF:server/database/queries/getUnavailableTimes/index.js
FN:3,(anonymous_0)
FNF:1
FNH:1
FNDA:9,(anonymous_0)
DA:1,1
DA:3,1
DA:4,9
DA:9,9
DA:12,1
LF:5
LH:5
BRF:0
BRH:0
end_of_record
TN:
SF:server/database/queries/updateAppointmentStatusQuery/index.js
FN:3,(anonymous_0)
FNF:1
FNH:1
FNDA:3,(anonymous_0)
DA:1,1
DA:3,1
DA:4,3
DA:9,3
DA:12,1
LF:5
LH:5
BRF:0
BRH:0
end_of_record
TN:
SF:server/database/queries/updateAppointmentTimeQuery/index.js
FN:3,(anonymous_0)
FNF:1
FNH:1
FNDA:2,(anonymous_0)
DA:1,1
DA:3,1
DA:8,2
DA:13,2
DA:15,1
LF:5
LH:5
BRF:0
BRH:0
end_of_record
TN:
SF:server/middlewares/index.js
FNF:0
FNH:0
DA:1,1
DA:3,1
LF:2
LH:2
BRF:0
BRH:0
end_of_record
TN:
SF:server/middlewares/errorHandle/index.js
FN:3,(anonymous_0)
FN:9,(anonymous_1)
FNF:2
FNH:1
FNDA:0,(anonymous_0)
FNDA:24,(anonymous_1)
DA:1,1
DA:3,1
DA:4,0
DA:5,0
DA:9,1
DA:10,24
DA:13,24
DA:16,1
LF:8
LH:6
BRDA:10,0,0,24
BRDA:10,0,1,0
BRDA:13,1,0,24
BRDA:13,1,1,0
BRF:4
BRH:2
end_of_record
TN:
SF:server/routes/index.js
FNF:0
FNH:0
DA:1,1
DA:2,1
DA:3,1
DA:4,1
DA:6,1
DA:7,1
DA:8,1
DA:10,1
LF:8
LH:8
BRF:0
BRH:0
end_of_record
TN:
SF:server/routes/appointments/index.js
FNF:0
FNH:0
DA:1,1
DA:10,1
DA:12,1
DA:13,1
DA:14,1
DA:15,1
DA:16,1
DA:17,1
DA:18,1
DA:19,1
DA:21,1
LF:11
LH:11
BRF:0
BRH:0
end_of_record
TN:
SF:server/routes/patients/index.js
FNF:0
FNH:0
DA:1,1
DA:7,1
DA:9,1
DA:10,1
DA:11,1
DA:12,1
DA:13,1
DA:15,1
LF:8
LH:8
BRF:0
BRH:0
end_of_record
TN:
SF:server/routes/users/index.js
FNF:0
FNH:0
DA:1,1
DA:2,1
DA:4,1
DA:5,1
DA:6,1
DA:8,1
LF:6
LH:6
BRF:0
BRH:0
end_of_record
TN:
SF:server/utils/availableTimes.js
FN:1,(anonymous_0)
FN:5,(anonymous_1)
FNF:2
FNH:2
FNDA:9,(anonymous_0)
FNDA:216,(anonymous_1)
DA:1,1
DA:2,9
DA:3,9
DA:4,9
DA:6,216
DA:7,216
DA:8,99
DA:9,18
DA:11,99
DA:13,216
DA:16,9
DA:19,1
LF:12
LH:12
BRDA:7,0,0,99
BRDA:7,0,1,117
BRDA:7,1,0,216
BRDA:7,1,1,153
BRDA:8,2,0,18
BRDA:8,2,1,81
BRF:6
BRH:6
end_of_record
TN:
SF:server/utils/boomify.js
FN:1,(anonymous_0)
FNF:1
FNH:1
FNDA:24,(anonymous_0)
DA:1,24
DA:7,1
LF:2
LH:2
BRF:0
BRH:0
end_of_record
TN:
SF:server/utils/index.js
FNF:0
FNH:0
DA:1,1
DA:2,1
DA:3,1
DA:5,1
LF:4
LH:4
BRF:0
BRH:0
end_of_record
TN:
SF:server/utils/validation/index.js
FNF:0
FNH:0
DA:1,1
DA:2,1
DA:3,1
DA:4,1
DA:5,1
DA:6,1
DA:7,1
DA:8,1
LF:8
LH:8
BRF:0
BRH:0
end_of_record
TN:
SF:server/utils/validation/appointmentDataValidation/index.js
FN:12,(anonymous_0)
FN:17,(anonymous_1)
FN:24,(anonymous_2)
FNF:3
FNH:3
FNDA:5,(anonymous_0)
FNDA:6,(anonymous_1)
FNDA:6,(anonymous_2)
DA:1,1
DA:2,1
DA:4,1
DA:13,5
DA:18,6
DA:25,6
DA:30,1
LF:7
LH:7
BRF:0
BRH:0
end_of_record
TN:
SF:server/utils/validation/appointmentDateTimeValidation/index.js
FN:7,(anonymous_0)
FN:13,(anonymous_1)
FNF:2
FNH:2
FNDA:6,(anonymous_0)
FNDA:7,(anonymous_1)
DA:1,1
DA:2,1
DA:4,1
DA:8,6
DA:14,7
DA:19,1
LF:6
LH:6
BRF:0
BRH:0
end_of_record
TN:
SF:server/utils/validation/appointmentDateValidation/index.js
FN:5,(anonymous_0)
FNF:1
FNH:1
FNDA:4,(anonymous_0)
DA:1,1
DA:2,1
DA:4,1
DA:6,4
DA:9,1
LF:5
LH:5
BRF:0
BRH:0
end_of_record
TN:
SF:server/utils/validation/appointmentIdValidation/index.js
FNF:0
FNH:0
DA:1,1
DA:3,1
DA:7,1
LF:3
LH:3
BRF:0
BRH:0
end_of_record
TN:
SF:server/utils/validation/appointmentsSearchSchema/index.js
FNF:0
FNH:0
DA:1,1
DA:3,1
DA:9,1
LF:3
LH:3
BRF:0
BRH:0
end_of_record
TN:
SF:server/utils/validation/historyLogValidation/index.js
FNF:0
FNH:0
DA:1,1
DA:3,1
DA:10,1
LF:3
LH:3
BRF:0
BRH:0
end_of_record
TN:
SF:server/utils/validation/patientIdValidation/index.js
FNF:0
FNH:0
DA:1,1
DA:3,1
DA:7,1
LF:3
LH:3
BRF:0
BRH:0
end_of_record
TN:
SF:server/utils/validation/patientSearchValidation/index.js
FNF:0
FNH:0
DA:1,1
DA:3,1
DA:15,1
LF:3
LH:3
BRF:0
BRH:0
end_of_record
